[11-Feb-2016 22:22:36 UTC] PHP Parse error:  syntax error, unexpected '$image' (T_VARIABLE) in /home/ubuntu/workspace/app/Http/Controllers/PhotoPromptController.php on line 31
[11-Feb-2016 22:22:36 UTC] PHP Stack trace:
[11-Feb-2016 22:22:36 UTC] PHP   1. {main}() /home/ubuntu/workspace/public/index.php:0
[11-Feb-2016 22:22:36 UTC] PHP   2. Illuminate\Foundation\Http\Kernel->handle() /home/ubuntu/workspace/public/index.php:54
[11-Feb-2016 22:22:36 UTC] PHP   3. Illuminate\Foundation\Http\Kernel->sendRequestThroughRouter() /home/ubuntu/workspace/vendor/laravel/framework/src/Illuminate/Foundation/Http/Kernel.php:99
[11-Feb-2016 22:22:36 UTC] PHP   4. Illuminate\Pipeline\Pipeline->then() /home/ubuntu/workspace/vendor/laravel/framework/src/Illuminate/Foundation/Http/Kernel.php:132
[11-Feb-2016 22:22:36 UTC] PHP   5. call_user_func:{/home/ubuntu/workspace/vendor/laravel/framework/src/Illuminate/Pipeline/Pipeline.php:103}() /home/ubuntu/workspace/vendor/laravel/framework/src/Illuminate/Pipeline/Pipeline.php:103
[11-Feb-2016 22:22:36 UTC] PHP   6. Illuminate\Routing\Pipeline->Illuminate\Routing\{closure}() /home/ubuntu/workspace/vendor/laravel/framework/src/Illuminate/Pipeline/Pipeline.php:103
[11-Feb-2016 22:22:36 UTC] PHP   7. call_user_func:{/home/ubuntu/workspace/vendor/laravel/framework/src/Illuminate/Routing/Pipeline.php:32}() /home/ubuntu/workspace/vendor/laravel/framework/src/Illuminate/Routing/Pipeline.php:32
[11-Feb-2016 22:22:36 UTC] PHP   8. Illuminate\Pipeline\Pipeline->Illuminate\Pipeline\{closure}() /home/ubuntu/workspace/vendor/laravel/framework/src/Illuminate/Routing/Pipeline.php:32
[11-Feb-2016 22:22:36 UTC] PHP   9. call_user_func_array:{/home/ubuntu/workspace/vendor/laravel/framework/src/Illuminate/Pipeline/Pipeline.php:124}() /home/ubuntu/workspace/vendor/laravel/framework/src/Illuminate/Pipeline/Pipeline.php:124
[11-Feb-2016 22:22:36 UTC] PHP  10. Illuminate\Foundation\Http\Middleware\CheckForMaintenanceMode->handle() /home/ubuntu/workspace/vendor/laravel/framework/src/Illuminate/Pipeline/Pipeline.php:124
[11-Feb-2016 22:22:36 UTC] PHP  11. Illuminate\Routing\Pipeline->Illuminate\Routing\{closure}() /home/ubuntu/workspace/vendor/laravel/framework/src/Illuminate/Foundation/Http/Middleware/CheckForMaintenanceMode.php:44
[11-Feb-2016 22:22:36 UTC] PHP  12. call_user_func:{/home/ubuntu/workspace/vendor/laravel/framework/src/Illuminate/Routing/Pipeline.php:52}() /home/ubuntu/workspace/vendor/laravel/framework/src/Illuminate/Routing/Pipeline.php:52
[11-Feb-2016 22:22:36 UTC] PHP  13. Illuminate\Foundation\Http\Kernel->Illuminate\Foundation\Http\{closure}() /home/ubuntu/workspace/vendor/laravel/framework/src/Illuminate/Routing/Pipeline.php:52
[11-Feb-2016 22:22:36 UTC] PHP  14. Illuminate\Routing\Router->dispatch() /home/ubuntu/workspace/vendor/laravel/framework/src/Illuminate/Foundation/Http/Kernel.php:246
[11-Feb-2016 22:22:36 UTC] PHP  15. Illuminate\Routing\Router->dispatchToRoute() /home/ubuntu/workspace/vendor/laravel/framework/src/Illuminate/Routing/Router.php:654
[11-Feb-2016 22:22:36 UTC] PHP  16. Illuminate\Routing\Router->findRoute() /home/ubuntu/workspace/vendor/laravel/framework/src/Illuminate/Routing/Router.php:670
[11-Feb-2016 22:22:36 UTC] PHP  17. Illuminate\Routing\Router->substituteBindings() /home/ubuntu/workspace/vendor/laravel/framework/src/Illuminate/Routing/Router.php:806
[11-Feb-2016 22:22:36 UTC] PHP  18. Illuminate\Routing\Router->substituteImplicitBindings() /home/ubuntu/workspace/vendor/laravel/framework/src/Illuminate/Routing/Router.php:823
[11-Feb-2016 22:22:36 UTC] PHP  19. Illuminate\Routing\Route->signatureParameters() /home/ubuntu/workspace/vendor/laravel/framework/src/Illuminate/Routing/Router.php:838
[11-Feb-2016 22:22:36 UTC] PHP  20. ReflectionMethod->__construct() /home/ubuntu/workspace/vendor/laravel/framework/src/Illuminate/Routing/Route.php:264
[11-Feb-2016 22:22:36 UTC] PHP  21. spl_autoload_call() /home/ubuntu/workspace/vendor/laravel/framework/src/Illuminate/Routing/Route.php:264
[11-Feb-2016 22:22:36 UTC] PHP  22. Composer\Autoload\ClassLoader->loadClass() /home/ubuntu/workspace/vendor/laravel/framework/src/Illuminate/Routing/Route.php:264
[11-Feb-2016 22:22:36 UTC] PHP  23. Composer\Autoload\includeFile() /home/ubuntu/workspace/vendor/composer/ClassLoader.php:301
[11-Feb-2016 22:23:12 UTC] PHP Fatal error:  Class 'App\Http\Controllers\Crew\Unsplash\HttpClient' not found in /home/ubuntu/workspace/app/Http/Controllers/PhotoPromptController.php on line 13
[11-Feb-2016 22:23:12 UTC] PHP Stack trace:
[11-Feb-2016 22:23:12 UTC] PHP   1. {main}() /home/ubuntu/workspace/public/index.php:0
[11-Feb-2016 22:23:12 UTC] PHP   2. Illuminate\Foundation\Http\Kernel->handle() /home/ubuntu/workspace/public/index.php:54
[11-Feb-2016 22:23:12 UTC] PHP   3. Illuminate\Foundation\Http\Kernel->sendRequestThroughRouter() /home/ubuntu/workspace/vendor/laravel/framework/src/Illuminate/Foundation/Http/Kernel.php:99
[11-Feb-2016 22:23:12 UTC] PHP   4. Illuminate\Pipeline\Pipeline->then() /home/ubuntu/workspace/vendor/laravel/framework/src/Illuminate/Foundation/Http/Kernel.php:132
[11-Feb-2016 22:23:12 UTC] PHP   5. call_user_func:{/home/ubuntu/workspace/vendor/laravel/framework/src/Illuminate/Pipeline/Pipeline.php:103}() /home/ubuntu/workspace/vendor/laravel/framework/src/Illuminate/Pipeline/Pipeline.php:103
[11-Feb-2016 22:23:12 UTC] PHP   6. Illuminate\Routing\Pipeline->Illuminate\Routing\{closure}() /home/ubuntu/workspace/vendor/laravel/framework/src/Illuminate/Pipeline/Pipeline.php:103
[11-Feb-2016 22:23:12 UTC] PHP   7. call_user_func:{/home/ubuntu/workspace/vendor/laravel/framework/src/Illuminate/Routing/Pipeline.php:32}() /home/ubuntu/workspace/vendor/laravel/framework/src/Illuminate/Routing/Pipeline.php:32
[11-Feb-2016 22:23:12 UTC] PHP   8. Illuminate\Pipeline\Pipeline->Illuminate\Pipeline\{closure}() /home/ubuntu/workspace/vendor/laravel/framework/src/Illuminate/Routing/Pipeline.php:32
[11-Feb-2016 22:23:12 UTC] PHP   9. call_user_func_array:{/home/ubuntu/workspace/vendor/laravel/framework/src/Illuminate/Pipeline/Pipeline.php:124}() /home/ubuntu/workspace/vendor/laravel/framework/src/Illuminate/Pipeline/Pipeline.php:124
[11-Feb-2016 22:23:12 UTC] PHP  10. Illuminate\Foundation\Http\Middleware\CheckForMaintenanceMode->handle() /home/ubuntu/workspace/vendor/laravel/framework/src/Illuminate/Pipeline/Pipeline.php:124
[11-Feb-2016 22:23:12 UTC] PHP  11. Illuminate\Routing\Pipeline->Illuminate\Routing\{closure}() /home/ubuntu/workspace/vendor/laravel/framework/src/Illuminate/Foundation/Http/Middleware/CheckForMaintenanceMode.php:44
[11-Feb-2016 22:23:12 UTC] PHP  12. call_user_func:{/home/ubuntu/workspace/vendor/laravel/framework/src/Illuminate/Routing/Pipeline.php:52}() /home/ubuntu/workspace/vendor/laravel/framework/src/Illuminate/Routing/Pipeline.php:52
[11-Feb-2016 22:23:12 UTC] PHP  13. Illuminate\Foundation\Http\Kernel->Illuminate\Foundation\Http\{closure}() /home/ubuntu/workspace/vendor/laravel/framework/src/Illuminate/Routing/Pipeline.php:52
[11-Feb-2016 22:23:12 UTC] PHP  14. Illuminate\Routing\Router->dispatch() /home/ubuntu/workspace/vendor/laravel/framework/src/Illuminate/Foundation/Http/Kernel.php:246
[11-Feb-2016 22:23:12 UTC] PHP  15. Illuminate\Routing\Router->dispatchToRoute() /home/ubuntu/workspace/vendor/laravel/framework/src/Illuminate/Routing/Router.php:654
[11-Feb-2016 22:23:12 UTC] PHP  16. Illuminate\Routing\Router->runRouteWithinStack() /home/ubuntu/workspace/vendor/laravel/framework/src/Illuminate/Routing/Router.php:678
[11-Feb-2016 22:23:12 UTC] PHP  17. Illuminate\Pipeline\Pipeline->then() /home/ubuntu/workspace/vendor/laravel/framework/src/Illuminate/Routing/Router.php:705
[11-Feb-2016 22:23:12 UTC] PHP  18. call_user_func:{/home/ubuntu/workspace/vendor/laravel/framework/src/Illuminate/Pipeline/Pipeline.php:103}() /home/ubuntu/workspace/vendor/laravel/framework/src/Illuminate/Pipeline/Pipeline.php:103
[11-Feb-2016 22:23:12 UTC] PHP  19. Illuminate\Routing\Pipeline->Illuminate\Routing\{closure}() /home/ubuntu/workspace/vendor/laravel/framework/src/Illuminate/Pipeline/Pipeline.php:103
[11-Feb-2016 22:23:12 UTC] PHP  20. call_user_func:{/home/ubuntu/workspace/vendor/laravel/framework/src/Illuminate/Routing/Pipeline.php:32}() /home/ubuntu/workspace/vendor/laravel/framework/src/Illuminate/Routing/Pipeline.php:32
[11-Feb-2016 22:23:12 UTC] PHP  21. Illuminate\Pipeline\Pipeline->Illuminate\Pipeline\{closure}() /home/ubuntu/workspace/vendor/laravel/framework/src/Illuminate/Routing/Pipeline.php:32
[11-Feb-2016 22:23:12 UTC] PHP  22. call_user_func_array:{/home/ubuntu/workspace/vendor/laravel/framework/src/Illuminate/Pipeline/Pipeline.php:124}() /home/ubuntu/workspace/vendor/laravel/framework/src/Illuminate/Pipeline/Pipeline.php:124
[11-Feb-2016 22:23:12 UTC] PHP  23. Illuminate\Cookie\Middleware\EncryptCookies->handle() /home/ubuntu/workspace/vendor/laravel/framework/src/Illuminate/Pipeline/Pipeline.php:124
[11-Feb-2016 22:23:12 UTC] PHP  24. Illuminate\Routing\Pipeline->Illuminate\Routing\{closure}() /home/ubuntu/workspace/vendor/laravel/framework/src/Illuminate/Cookie/Middleware/EncryptCookies.php:59
[11-Feb-2016 22:23:12 UTC] PHP  25. call_user_func:{/home/ubuntu/workspace/vendor/laravel/framework/src/Illuminate/Routing/Pipeline.php:32}() /home/ubuntu/workspace/vendor/laravel/framework/src/Illuminate/Routing/Pipeline.php:32
[11-Feb-2016 22:23:12 UTC] PHP  26. Illuminate\Pipeline\Pipeline->Illuminate\Pipeline\{closure}() /home/ubuntu/workspace/vendor/laravel/framework/src/Illuminate/Routing/Pipeline.php:32
[11-Feb-2016 22:23:12 UTC] PHP  27. call_user_func_array:{/home/ubuntu/workspace/vendor/laravel/framework/src/Illuminate/Pipeline/Pipeline.php:124}() /home/ubuntu/workspace/vendor/laravel/framework/src/Illuminate/Pipeline/Pipeline.php:124
[11-Feb-2016 22:23:12 UTC] PHP  28. Illuminate\Cookie\Middleware\AddQueuedCookiesToResponse->handle() /home/ubuntu/workspace/vendor/laravel/framework/src/Illuminate/Pipeline/Pipeline.php:124
[11-Feb-2016 22:23:12 UTC] PHP  29. Illuminate\Routing\Pipeline->Illuminate\Routing\{closure}() /home/ubuntu/workspace/vendor/laravel/framework/src/Illuminate/Cookie/Middleware/AddQueuedCookiesToResponse.php:37
[11-Feb-2016 22:23:12 UTC] PHP  30. call_user_func:{/home/ubuntu/workspace/vendor/laravel/framework/src/Illuminate/Routing/Pipeline.php:32}() /home/ubuntu/workspace/vendor/laravel/framework/src/Illuminate/Routing/Pipeline.php:32
[11-Feb-2016 22:23:12 UTC] PHP  31. Illuminate\Pipeline\Pipeline->Illuminate\Pipeline\{closure}() /home/ubuntu/workspace/vendor/laravel/framework/src/Illuminate/Routing/Pipeline.php:32
[11-Feb-2016 22:23:12 UTC] PHP  32. call_user_func_array:{/home/ubuntu/workspace/vendor/laravel/framework/src/Illuminate/Pipeline/Pipeline.php:124}() /home/ubuntu/workspace/vendor/laravel/framework/src/Illuminate/Pipeline/Pipeline.php:124
[11-Feb-2016 22:23:12 UTC] PHP  33. Illuminate\Session\Middleware\StartSession->handle() /home/ubuntu/workspace/vendor/laravel/framework/src/Illuminate/Pipeline/Pipeline.php:124
[11-Feb-2016 22:23:12 UTC] PHP  34. Illuminate\Routing\Pipeline->Illuminate\Routing\{closure}() /home/ubuntu/workspace/vendor/laravel/framework/src/Illuminate/Session/Middleware/StartSession.php:62
[11-Feb-2016 22:23:12 UTC] PHP  35. call_user_func:{/home/ubuntu/workspace/vendor/laravel/framework/src/Illuminate/Routing/Pipeline.php:32}() /home/ubuntu/workspace/vendor/laravel/framework/src/Illuminate/Routing/Pipeline.php:32
[11-Feb-2016 22:23:12 UTC] PHP  36. Illuminate\Pipeline\Pipeline->Illuminate\Pipeline\{closure}() /home/ubuntu/workspace/vendor/laravel/framework/src/Illuminate/Routing/Pipeline.php:32
[11-Feb-2016 22:23:12 UTC] PHP  37. call_user_func_array:{/home/ubuntu/workspace/vendor/laravel/framework/src/Illuminate/Pipeline/Pipeline.php:124}() /home/ubuntu/workspace/vendor/laravel/framework/src/Illuminate/Pipeline/Pipeline.php:124
[11-Feb-2016 22:23:12 UTC] PHP  38. Illuminate\View\Middleware\ShareErrorsFromSession->handle() /home/ubuntu/workspace/vendor/laravel/framework/src/Illuminate/Pipeline/Pipeline.php:124
[11-Feb-2016 22:23:12 UTC] PHP  39. Illuminate\Routing\Pipeline->Illuminate\Routing\{closure}() /home/ubuntu/workspace/vendor/laravel/framework/src/Illuminate/View/Middleware/ShareErrorsFromSession.php:49
[11-Feb-2016 22:23:12 UTC] PHP  40. call_user_func:{/home/ubuntu/workspace/vendor/laravel/framework/src/Illuminate/Routing/Pipeline.php:32}() /home/ubuntu/workspace/vendor/laravel/framework/src/Illuminate/Routing/Pipeline.php:32
[11-Feb-2016 22:23:12 UTC] PHP  41. Illuminate\Pipeline\Pipeline->Illuminate\Pipeline\{closure}() /home/ubuntu/workspace/vendor/laravel/framework/src/Illuminate/Routing/Pipeline.php:32
[11-Feb-2016 22:23:12 UTC] PHP  42. call_user_func_array:{/home/ubuntu/workspace/vendor/laravel/framework/src/Illuminate/Pipeline/Pipeline.php:124}() /home/ubuntu/workspace/vendor/laravel/framework/src/Illuminate/Pipeline/Pipeline.php:124
[11-Feb-2016 22:23:12 UTC] PHP  43. Illuminate\Foundation\Http\Middleware\VerifyCsrfToken->handle() /home/ubuntu/workspace/vendor/laravel/framework/src/Illuminate/Pipeline/Pipeline.php:124
[11-Feb-2016 22:23:12 UTC] PHP  44. Illuminate\Routing\Pipeline->Illuminate\Routing\{closure}() /home/ubuntu/workspace/vendor/laravel/framework/src/Illuminate/Foundation/Http/Middleware/VerifyCsrfToken.php:64
[11-Feb-2016 22:23:12 UTC] PHP  45. call_user_func:{/home/ubuntu/workspace/vendor/laravel/framework/src/Illuminate/Routing/Pipeline.php:52}() /home/ubuntu/workspace/vendor/laravel/framework/src/Illuminate/Routing/Pipeline.php:52
[11-Feb-2016 22:23:12 UTC] PHP  46. Illuminate\Routing\Router->Illuminate\Routing\{closure}() /home/ubuntu/workspace/vendor/laravel/framework/src/Illuminate/Routing/Pipeline.php:52
[11-Feb-2016 22:23:12 UTC] PHP  47. Illuminate\Routing\Route->run() /home/ubuntu/workspace/vendor/laravel/framework/src/Illuminate/Routing/Router.php:703
[11-Feb-2016 22:23:12 UTC] PHP  48. Illuminate\Routing\Route->runController() /home/ubuntu/workspace/vendor/laravel/framework/src/Illuminate/Routing/Route.php:140
[11-Feb-2016 22:23:12 UTC] PHP  49. Illuminate\Routing\ControllerDispatcher->dispatch() /home/ubuntu/workspace/vendor/laravel/framework/src/Illuminate/Routing/Route.php:174
[11-Feb-2016 22:23:12 UTC] PHP  50. Illuminate\Routing\ControllerDispatcher->callWithinStack() /home/ubuntu/workspace/vendor/laravel/framework/src/Illuminate/Routing/ControllerDispatcher.php:54
[11-Feb-2016 22:23:12 UTC] PHP  51. Illuminate\Pipeline\Pipeline->then() /home/ubuntu/workspace/vendor/laravel/framework/src/Illuminate/Routing/ControllerDispatcher.php:96
[11-Feb-2016 22:23:12 UTC] PHP  52. call_user_func:{/home/ubuntu/workspace/vendor/laravel/framework/src/Illuminate/Pipeline/Pipeline.php:103}() /home/ubuntu/workspace/vendor/laravel/framework/src/Illuminate/Pipeline/Pipeline.php:103
[11-Feb-2016 22:23:12 UTC] PHP  53. Illuminate\Routing\Pipeline->Illuminate\Routing\{closure}() /home/ubuntu/workspace/vendor/laravel/framework/src/Illuminate/Pipeline/Pipeline.php:103
[11-Feb-2016 22:23:12 UTC] PHP  54. call_user_func:{/home/ubuntu/workspace/vendor/laravel/framework/src/Illuminate/Routing/Pipeline.php:52}() /home/ubuntu/workspace/vendor/laravel/framework/src/Illuminate/Routing/Pipeline.php:52
[11-Feb-2016 22:23:12 UTC] PHP  55. Illuminate\Routing\ControllerDispatcher->Illuminate\Routing\{closure}() /home/ubuntu/workspace/vendor/laravel/framework/src/Illuminate/Routing/Pipeline.php:52
[11-Feb-2016 22:23:12 UTC] PHP  56. Illuminate\Routing\ControllerDispatcher->call() /home/ubuntu/workspace/vendor/laravel/framework/src/Illuminate/Routing/ControllerDispatcher.php:94
[11-Feb-2016 22:23:12 UTC] PHP  57. Illuminate\Routing\Controller->callAction() /home/ubuntu/workspace/vendor/laravel/framework/src/Illuminate/Routing/ControllerDispatcher.php:146
[11-Feb-2016 22:23:12 UTC] PHP  58. call_user_func_array:{/home/ubuntu/workspace/vendor/laravel/framework/src/Illuminate/Routing/Controller.php:76}() /home/ubuntu/workspace/vendor/laravel/framework/src/Illuminate/Routing/Controller.php:76
[11-Feb-2016 22:23:12 UTC] PHP  59. App\Http\Controllers\PhotoPromptController->generate() /home/ubuntu/workspace/vendor/laravel/framework/src/Illuminate/Routing/Controller.php:76
[11-Feb-2016 22:23:52 UTC] PHP Fatal error:  Class 'App\Http\Controllers\Crew\Unsplash\HttpClient' not found in /home/ubuntu/workspace/app/Http/Controllers/PhotoPromptController.php on line 13
[11-Feb-2016 22:23:52 UTC] PHP Stack trace:
[11-Feb-2016 22:23:52 UTC] PHP   1. {main}() /home/ubuntu/workspace/public/index.php:0
[11-Feb-2016 22:23:52 UTC] PHP   2. Illuminate\Foundation\Http\Kernel->handle() /home/ubuntu/workspace/public/index.php:54
[11-Feb-2016 22:23:52 UTC] PHP   3. Illuminate\Foundation\Http\Kernel->sendRequestThroughRouter() /home/ubuntu/workspace/vendor/laravel/framework/src/Illuminate/Foundation/Http/Kernel.php:99
[11-Feb-2016 22:23:52 UTC] PHP   4. Illuminate\Pipeline\Pipeline->then() /home/ubuntu/workspace/vendor/laravel/framework/src/Illuminate/Foundation/Http/Kernel.php:132
[11-Feb-2016 22:23:52 UTC] PHP   5. call_user_func:{/home/ubuntu/workspace/vendor/laravel/framework/src/Illuminate/Pipeline/Pipeline.php:103}() /home/ubuntu/workspace/vendor/laravel/framework/src/Illuminate/Pipeline/Pipeline.php:103
[11-Feb-2016 22:23:52 UTC] PHP   6. Illuminate\Routing\Pipeline->Illuminate\Routing\{closure}() /home/ubuntu/workspace/vendor/laravel/framework/src/Illuminate/Pipeline/Pipeline.php:103
[11-Feb-2016 22:23:52 UTC] PHP   7. call_user_func:{/home/ubuntu/workspace/vendor/laravel/framework/src/Illuminate/Routing/Pipeline.php:32}() /home/ubuntu/workspace/vendor/laravel/framework/src/Illuminate/Routing/Pipeline.php:32
[11-Feb-2016 22:23:52 UTC] PHP   8. Illuminate\Pipeline\Pipeline->Illuminate\Pipeline\{closure}() /home/ubuntu/workspace/vendor/laravel/framework/src/Illuminate/Routing/Pipeline.php:32
[11-Feb-2016 22:23:52 UTC] PHP   9. call_user_func_array:{/home/ubuntu/workspace/vendor/laravel/framework/src/Illuminate/Pipeline/Pipeline.php:124}() /home/ubuntu/workspace/vendor/laravel/framework/src/Illuminate/Pipeline/Pipeline.php:124
[11-Feb-2016 22:23:52 UTC] PHP  10. Illuminate\Foundation\Http\Middleware\CheckForMaintenanceMode->handle() /home/ubuntu/workspace/vendor/laravel/framework/src/Illuminate/Pipeline/Pipeline.php:124
[11-Feb-2016 22:23:52 UTC] PHP  11. Illuminate\Routing\Pipeline->Illuminate\Routing\{closure}() /home/ubuntu/workspace/vendor/laravel/framework/src/Illuminate/Foundation/Http/Middleware/CheckForMaintenanceMode.php:44
[11-Feb-2016 22:23:52 UTC] PHP  12. call_user_func:{/home/ubuntu/workspace/vendor/laravel/framework/src/Illuminate/Routing/Pipeline.php:52}() /home/ubuntu/workspace/vendor/laravel/framework/src/Illuminate/Routing/Pipeline.php:52
[11-Feb-2016 22:23:52 UTC] PHP  13. Illuminate\Foundation\Http\Kernel->Illuminate\Foundation\Http\{closure}() /home/ubuntu/workspace/vendor/laravel/framework/src/Illuminate/Routing/Pipeline.php:52
[11-Feb-2016 22:23:52 UTC] PHP  14. Illuminate\Routing\Router->dispatch() /home/ubuntu/workspace/vendor/laravel/framework/src/Illuminate/Foundation/Http/Kernel.php:246
[11-Feb-2016 22:23:52 UTC] PHP  15. Illuminate\Routing\Router->dispatchToRoute() /home/ubuntu/workspace/vendor/laravel/framework/src/Illuminate/Routing/Router.php:654
[11-Feb-2016 22:23:52 UTC] PHP  16. Illuminate\Routing\Router->runRouteWithinStack() /home/ubuntu/workspace/vendor/laravel/framework/src/Illuminate/Routing/Router.php:678
[11-Feb-2016 22:23:52 UTC] PHP  17. Illuminate\Pipeline\Pipeline->then() /home/ubuntu/workspace/vendor/laravel/framework/src/Illuminate/Routing/Router.php:705
[11-Feb-2016 22:23:52 UTC] PHP  18. call_user_func:{/home/ubuntu/workspace/vendor/laravel/framework/src/Illuminate/Pipeline/Pipeline.php:103}() /home/ubuntu/workspace/vendor/laravel/framework/src/Illuminate/Pipeline/Pipeline.php:103
[11-Feb-2016 22:23:52 UTC] PHP  19. Illuminate\Routing\Pipeline->Illuminate\Routing\{closure}() /home/ubuntu/workspace/vendor/laravel/framework/src/Illuminate/Pipeline/Pipeline.php:103
[11-Feb-2016 22:23:52 UTC] PHP  20. call_user_func:{/home/ubuntu/workspace/vendor/laravel/framework/src/Illuminate/Routing/Pipeline.php:32}() /home/ubuntu/workspace/vendor/laravel/framework/src/Illuminate/Routing/Pipeline.php:32
[11-Feb-2016 22:23:52 UTC] PHP  21. Illuminate\Pipeline\Pipeline->Illuminate\Pipeline\{closure}() /home/ubuntu/workspace/vendor/laravel/framework/src/Illuminate/Routing/Pipeline.php:32
[11-Feb-2016 22:23:52 UTC] PHP  22. call_user_func_array:{/home/ubuntu/workspace/vendor/laravel/framework/src/Illuminate/Pipeline/Pipeline.php:124}() /home/ubuntu/workspace/vendor/laravel/framework/src/Illuminate/Pipeline/Pipeline.php:124
[11-Feb-2016 22:23:52 UTC] PHP  23. Illuminate\Cookie\Middleware\EncryptCookies->handle() /home/ubuntu/workspace/vendor/laravel/framework/src/Illuminate/Pipeline/Pipeline.php:124
[11-Feb-2016 22:23:52 UTC] PHP  24. Illuminate\Routing\Pipeline->Illuminate\Routing\{closure}() /home/ubuntu/workspace/vendor/laravel/framework/src/Illuminate/Cookie/Middleware/EncryptCookies.php:59
[11-Feb-2016 22:23:52 UTC] PHP  25. call_user_func:{/home/ubuntu/workspace/vendor/laravel/framework/src/Illuminate/Routing/Pipeline.php:32}() /home/ubuntu/workspace/vendor/laravel/framework/src/Illuminate/Routing/Pipeline.php:32
[11-Feb-2016 22:23:52 UTC] PHP  26. Illuminate\Pipeline\Pipeline->Illuminate\Pipeline\{closure}() /home/ubuntu/workspace/vendor/laravel/framework/src/Illuminate/Routing/Pipeline.php:32
[11-Feb-2016 22:23:52 UTC] PHP  27. call_user_func_array:{/home/ubuntu/workspace/vendor/laravel/framework/src/Illuminate/Pipeline/Pipeline.php:124}() /home/ubuntu/workspace/vendor/laravel/framework/src/Illuminate/Pipeline/Pipeline.php:124
[11-Feb-2016 22:23:52 UTC] PHP  28. Illuminate\Cookie\Middleware\AddQueuedCookiesToResponse->handle() /home/ubuntu/workspace/vendor/laravel/framework/src/Illuminate/Pipeline/Pipeline.php:124
[11-Feb-2016 22:23:52 UTC] PHP  29. Illuminate\Routing\Pipeline->Illuminate\Routing\{closure}() /home/ubuntu/workspace/vendor/laravel/framework/src/Illuminate/Cookie/Middleware/AddQueuedCookiesToResponse.php:37
[11-Feb-2016 22:23:52 UTC] PHP  30. call_user_func:{/home/ubuntu/workspace/vendor/laravel/framework/src/Illuminate/Routing/Pipeline.php:32}() /home/ubuntu/workspace/vendor/laravel/framework/src/Illuminate/Routing/Pipeline.php:32
[11-Feb-2016 22:23:52 UTC] PHP  31. Illuminate\Pipeline\Pipeline->Illuminate\Pipeline\{closure}() /home/ubuntu/workspace/vendor/laravel/framework/src/Illuminate/Routing/Pipeline.php:32
[11-Feb-2016 22:23:52 UTC] PHP  32. call_user_func_array:{/home/ubuntu/workspace/vendor/laravel/framework/src/Illuminate/Pipeline/Pipeline.php:124}() /home/ubuntu/workspace/vendor/laravel/framework/src/Illuminate/Pipeline/Pipeline.php:124
[11-Feb-2016 22:23:52 UTC] PHP  33. Illuminate\Session\Middleware\StartSession->handle() /home/ubuntu/workspace/vendor/laravel/framework/src/Illuminate/Pipeline/Pipeline.php:124
[11-Feb-2016 22:23:52 UTC] PHP  34. Illuminate\Routing\Pipeline->Illuminate\Routing\{closure}() /home/ubuntu/workspace/vendor/laravel/framework/src/Illuminate/Session/Middleware/StartSession.php:62
[11-Feb-2016 22:23:52 UTC] PHP  35. call_user_func:{/home/ubuntu/workspace/vendor/laravel/framework/src/Illuminate/Routing/Pipeline.php:32}() /home/ubuntu/workspace/vendor/laravel/framework/src/Illuminate/Routing/Pipeline.php:32
[11-Feb-2016 22:23:52 UTC] PHP  36. Illuminate\Pipeline\Pipeline->Illuminate\Pipeline\{closure}() /home/ubuntu/workspace/vendor/laravel/framework/src/Illuminate/Routing/Pipeline.php:32
[11-Feb-2016 22:23:52 UTC] PHP  37. call_user_func_array:{/home/ubuntu/workspace/vendor/laravel/framework/src/Illuminate/Pipeline/Pipeline.php:124}() /home/ubuntu/workspace/vendor/laravel/framework/src/Illuminate/Pipeline/Pipeline.php:124
[11-Feb-2016 22:23:52 UTC] PHP  38. Illuminate\View\Middleware\ShareErrorsFromSession->handle() /home/ubuntu/workspace/vendor/laravel/framework/src/Illuminate/Pipeline/Pipeline.php:124
[11-Feb-2016 22:23:52 UTC] PHP  39. Illuminate\Routing\Pipeline->Illuminate\Routing\{closure}() /home/ubuntu/workspace/vendor/laravel/framework/src/Illuminate/View/Middleware/ShareErrorsFromSession.php:49
[11-Feb-2016 22:23:52 UTC] PHP  40. call_user_func:{/home/ubuntu/workspace/vendor/laravel/framework/src/Illuminate/Routing/Pipeline.php:32}() /home/ubuntu/workspace/vendor/laravel/framework/src/Illuminate/Routing/Pipeline.php:32
[11-Feb-2016 22:23:52 UTC] PHP  41. Illuminate\Pipeline\Pipeline->Illuminate\Pipeline\{closure}() /home/ubuntu/workspace/vendor/laravel/framework/src/Illuminate/Routing/Pipeline.php:32
[11-Feb-2016 22:23:52 UTC] PHP  42. call_user_func_array:{/home/ubuntu/workspace/vendor/laravel/framework/src/Illuminate/Pipeline/Pipeline.php:124}() /home/ubuntu/workspace/vendor/laravel/framework/src/Illuminate/Pipeline/Pipeline.php:124
[11-Feb-2016 22:23:52 UTC] PHP  43. Illuminate\Foundation\Http\Middleware\VerifyCsrfToken->handle() /home/ubuntu/workspace/vendor/laravel/framework/src/Illuminate/Pipeline/Pipeline.php:124
[11-Feb-2016 22:23:52 UTC] PHP  44. Illuminate\Routing\Pipeline->Illuminate\Routing\{closure}() /home/ubuntu/workspace/vendor/laravel/framework/src/Illuminate/Foundation/Http/Middleware/VerifyCsrfToken.php:64
[11-Feb-2016 22:23:52 UTC] PHP  45. call_user_func:{/home/ubuntu/workspace/vendor/laravel/framework/src/Illuminate/Routing/Pipeline.php:52}() /home/ubuntu/workspace/vendor/laravel/framework/src/Illuminate/Routing/Pipeline.php:52
[11-Feb-2016 22:23:52 UTC] PHP  46. Illuminate\Routing\Router->Illuminate\Routing\{closure}() /home/ubuntu/workspace/vendor/laravel/framework/src/Illuminate/Routing/Pipeline.php:52
[11-Feb-2016 22:23:52 UTC] PHP  47. Illuminate\Routing\Route->run() /home/ubuntu/workspace/vendor/laravel/framework/src/Illuminate/Routing/Router.php:703
[11-Feb-2016 22:23:52 UTC] PHP  48. Illuminate\Routing\Route->runController() /home/ubuntu/workspace/vendor/laravel/framework/src/Illuminate/Routing/Route.php:140
[11-Feb-2016 22:23:52 UTC] PHP  49. Illuminate\Routing\ControllerDispatcher->dispatch() /home/ubuntu/workspace/vendor/laravel/framework/src/Illuminate/Routing/Route.php:174
[11-Feb-2016 22:23:52 UTC] PHP  50. Illuminate\Routing\ControllerDispatcher->callWithinStack() /home/ubuntu/workspace/vendor/laravel/framework/src/Illuminate/Routing/ControllerDispatcher.php:54
[11-Feb-2016 22:23:52 UTC] PHP  51. Illuminate\Pipeline\Pipeline->then() /home/ubuntu/workspace/vendor/laravel/framework/src/Illuminate/Routing/ControllerDispatcher.php:96
[11-Feb-2016 22:23:52 UTC] PHP  52. call_user_func:{/home/ubuntu/workspace/vendor/laravel/framework/src/Illuminate/Pipeline/Pipeline.php:103}() /home/ubuntu/workspace/vendor/laravel/framework/src/Illuminate/Pipeline/Pipeline.php:103
[11-Feb-2016 22:23:52 UTC] PHP  53. Illuminate\Routing\Pipeline->Illuminate\Routing\{closure}() /home/ubuntu/workspace/vendor/laravel/framework/src/Illuminate/Pipeline/Pipeline.php:103
[11-Feb-2016 22:23:52 UTC] PHP  54. call_user_func:{/home/ubuntu/workspace/vendor/laravel/framework/src/Illuminate/Routing/Pipeline.php:52}() /home/ubuntu/workspace/vendor/laravel/framework/src/Illuminate/Routing/Pipeline.php:52
[11-Feb-2016 22:23:52 UTC] PHP  55. Illuminate\Routing\ControllerDispatcher->Illuminate\Routing\{closure}() /home/ubuntu/workspace/vendor/laravel/framework/src/Illuminate/Routing/Pipeline.php:52
[11-Feb-2016 22:23:52 UTC] PHP  56. Illuminate\Routing\ControllerDispatcher->call() /home/ubuntu/workspace/vendor/laravel/framework/src/Illuminate/Routing/ControllerDispatcher.php:94
[11-Feb-2016 22:23:52 UTC] PHP  57. Illuminate\Routing\Controller->callAction() /home/ubuntu/workspace/vendor/laravel/framework/src/Illuminate/Routing/ControllerDispatcher.php:146
[11-Feb-2016 22:23:52 UTC] PHP  58. call_user_func_array:{/home/ubuntu/workspace/vendor/laravel/framework/src/Illuminate/Routing/Controller.php:76}() /home/ubuntu/workspace/vendor/laravel/framework/src/Illuminate/Routing/Controller.php:76
[11-Feb-2016 22:23:52 UTC] PHP  59. App\Http\Controllers\PhotoPromptController->generate() /home/ubuntu/workspace/vendor/laravel/framework/src/Illuminate/Routing/Controller.php:76
[11-Feb-2016 22:24:20 UTC] PHP Parse error:  syntax error, unexpected 'class' (T_CLASS), expecting ',' or ';' in /home/ubuntu/workspace/app/Http/Controllers/PhotoPromptController.php on line 11
[11-Feb-2016 22:24:20 UTC] PHP Stack trace:
[11-Feb-2016 22:24:20 UTC] PHP   1. {main}() /home/ubuntu/workspace/public/index.php:0
[11-Feb-2016 22:24:20 UTC] PHP   2. Illuminate\Foundation\Http\Kernel->handle() /home/ubuntu/workspace/public/index.php:54
[11-Feb-2016 22:24:20 UTC] PHP   3. Illuminate\Foundation\Http\Kernel->sendRequestThroughRouter() /home/ubuntu/workspace/vendor/laravel/framework/src/Illuminate/Foundation/Http/Kernel.php:99
[11-Feb-2016 22:24:20 UTC] PHP   4. Illuminate\Pipeline\Pipeline->then() /home/ubuntu/workspace/vendor/laravel/framework/src/Illuminate/Foundation/Http/Kernel.php:132
[11-Feb-2016 22:24:20 UTC] PHP   5. call_user_func:{/home/ubuntu/workspace/vendor/laravel/framework/src/Illuminate/Pipeline/Pipeline.php:103}() /home/ubuntu/workspace/vendor/laravel/framework/src/Illuminate/Pipeline/Pipeline.php:103
[11-Feb-2016 22:24:20 UTC] PHP   6. Illuminate\Routing\Pipeline->Illuminate\Routing\{closure}() /home/ubuntu/workspace/vendor/laravel/framework/src/Illuminate/Pipeline/Pipeline.php:103
[11-Feb-2016 22:24:20 UTC] PHP   7. call_user_func:{/home/ubuntu/workspace/vendor/laravel/framework/src/Illuminate/Routing/Pipeline.php:32}() /home/ubuntu/workspace/vendor/laravel/framework/src/Illuminate/Routing/Pipeline.php:32
[11-Feb-2016 22:24:20 UTC] PHP   8. Illuminate\Pipeline\Pipeline->Illuminate\Pipeline\{closure}() /home/ubuntu/workspace/vendor/laravel/framework/src/Illuminate/Routing/Pipeline.php:32
[11-Feb-2016 22:24:20 UTC] PHP   9. call_user_func_array:{/home/ubuntu/workspace/vendor/laravel/framework/src/Illuminate/Pipeline/Pipeline.php:124}() /home/ubuntu/workspace/vendor/laravel/framework/src/Illuminate/Pipeline/Pipeline.php:124
[11-Feb-2016 22:24:20 UTC] PHP  10. Illuminate\Foundation\Http\Middleware\CheckForMaintenanceMode->handle() /home/ubuntu/workspace/vendor/laravel/framework/src/Illuminate/Pipeline/Pipeline.php:124
[11-Feb-2016 22:24:20 UTC] PHP  11. Illuminate\Routing\Pipeline->Illuminate\Routing\{closure}() /home/ubuntu/workspace/vendor/laravel/framework/src/Illuminate/Foundation/Http/Middleware/CheckForMaintenanceMode.php:44
[11-Feb-2016 22:24:20 UTC] PHP  12. call_user_func:{/home/ubuntu/workspace/vendor/laravel/framework/src/Illuminate/Routing/Pipeline.php:52}() /home/ubuntu/workspace/vendor/laravel/framework/src/Illuminate/Routing/Pipeline.php:52
[11-Feb-2016 22:24:20 UTC] PHP  13. Illuminate\Foundation\Http\Kernel->Illuminate\Foundation\Http\{closure}() /home/ubuntu/workspace/vendor/laravel/framework/src/Illuminate/Routing/Pipeline.php:52
[11-Feb-2016 22:24:20 UTC] PHP  14. Illuminate\Routing\Router->dispatch() /home/ubuntu/workspace/vendor/laravel/framework/src/Illuminate/Foundation/Http/Kernel.php:246
[11-Feb-2016 22:24:20 UTC] PHP  15. Illuminate\Routing\Router->dispatchToRoute() /home/ubuntu/workspace/vendor/laravel/framework/src/Illuminate/Routing/Router.php:654
[11-Feb-2016 22:24:20 UTC] PHP  16. Illuminate\Routing\Router->findRoute() /home/ubuntu/workspace/vendor/laravel/framework/src/Illuminate/Routing/Router.php:670
[11-Feb-2016 22:24:20 UTC] PHP  17. Illuminate\Routing\Router->substituteBindings() /home/ubuntu/workspace/vendor/laravel/framework/src/Illuminate/Routing/Router.php:806
[11-Feb-2016 22:24:20 UTC] PHP  18. Illuminate\Routing\Router->substituteImplicitBindings() /home/ubuntu/workspace/vendor/laravel/framework/src/Illuminate/Routing/Router.php:823
[11-Feb-2016 22:24:20 UTC] PHP  19. Illuminate\Routing\Route->signatureParameters() /home/ubuntu/workspace/vendor/laravel/framework/src/Illuminate/Routing/Router.php:838
[11-Feb-2016 22:24:20 UTC] PHP  20. ReflectionMethod->__construct() /home/ubuntu/workspace/vendor/laravel/framework/src/Illuminate/Routing/Route.php:264
[11-Feb-2016 22:24:20 UTC] PHP  21. spl_autoload_call() /home/ubuntu/workspace/vendor/laravel/framework/src/Illuminate/Routing/Route.php:264
[11-Feb-2016 22:24:20 UTC] PHP  22. Composer\Autoload\ClassLoader->loadClass() /home/ubuntu/workspace/vendor/laravel/framework/src/Illuminate/Routing/Route.php:264
[11-Feb-2016 22:24:20 UTC] PHP  23. Composer\Autoload\includeFile() /home/ubuntu/workspace/vendor/composer/ClassLoader.php:301
[11-Feb-2016 22:24:29 UTC] PHP Fatal error:  Class 'App\Http\Controllers\Crew\Unsplash\HttpClient' not found in /home/ubuntu/workspace/app/Http/Controllers/PhotoPromptController.php on line 14
[11-Feb-2016 22:24:29 UTC] PHP Stack trace:
[11-Feb-2016 22:24:29 UTC] PHP   1. {main}() /home/ubuntu/workspace/public/index.php:0
[11-Feb-2016 22:24:29 UTC] PHP   2. Illuminate\Foundation\Http\Kernel->handle() /home/ubuntu/workspace/public/index.php:54
[11-Feb-2016 22:24:29 UTC] PHP   3. Illuminate\Foundation\Http\Kernel->sendRequestThroughRouter() /home/ubuntu/workspace/vendor/laravel/framework/src/Illuminate/Foundation/Http/Kernel.php:99
[11-Feb-2016 22:24:29 UTC] PHP   4. Illuminate\Pipeline\Pipeline->then() /home/ubuntu/workspace/vendor/laravel/framework/src/Illuminate/Foundation/Http/Kernel.php:132
[11-Feb-2016 22:24:29 UTC] PHP   5. call_user_func:{/home/ubuntu/workspace/vendor/laravel/framework/src/Illuminate/Pipeline/Pipeline.php:103}() /home/ubuntu/workspace/vendor/laravel/framework/src/Illuminate/Pipeline/Pipeline.php:103
[11-Feb-2016 22:24:29 UTC] PHP   6. Illuminate\Routing\Pipeline->Illuminate\Routing\{closure}() /home/ubuntu/workspace/vendor/laravel/framework/src/Illuminate/Pipeline/Pipeline.php:103
[11-Feb-2016 22:24:29 UTC] PHP   7. call_user_func:{/home/ubuntu/workspace/vendor/laravel/framework/src/Illuminate/Routing/Pipeline.php:32}() /home/ubuntu/workspace/vendor/laravel/framework/src/Illuminate/Routing/Pipeline.php:32
[11-Feb-2016 22:24:29 UTC] PHP   8. Illuminate\Pipeline\Pipeline->Illuminate\Pipeline\{closure}() /home/ubuntu/workspace/vendor/laravel/framework/src/Illuminate/Routing/Pipeline.php:32
[11-Feb-2016 22:24:29 UTC] PHP   9. call_user_func_array:{/home/ubuntu/workspace/vendor/laravel/framework/src/Illuminate/Pipeline/Pipeline.php:124}() /home/ubuntu/workspace/vendor/laravel/framework/src/Illuminate/Pipeline/Pipeline.php:124
[11-Feb-2016 22:24:29 UTC] PHP  10. Illuminate\Foundation\Http\Middleware\CheckForMaintenanceMode->handle() /home/ubuntu/workspace/vendor/laravel/framework/src/Illuminate/Pipeline/Pipeline.php:124
[11-Feb-2016 22:24:29 UTC] PHP  11. Illuminate\Routing\Pipeline->Illuminate\Routing\{closure}() /home/ubuntu/workspace/vendor/laravel/framework/src/Illuminate/Foundation/Http/Middleware/CheckForMaintenanceMode.php:44
[11-Feb-2016 22:24:29 UTC] PHP  12. call_user_func:{/home/ubuntu/workspace/vendor/laravel/framework/src/Illuminate/Routing/Pipeline.php:52}() /home/ubuntu/workspace/vendor/laravel/framework/src/Illuminate/Routing/Pipeline.php:52
[11-Feb-2016 22:24:29 UTC] PHP  13. Illuminate\Foundation\Http\Kernel->Illuminate\Foundation\Http\{closure}() /home/ubuntu/workspace/vendor/laravel/framework/src/Illuminate/Routing/Pipeline.php:52
[11-Feb-2016 22:24:29 UTC] PHP  14. Illuminate\Routing\Router->dispatch() /home/ubuntu/workspace/vendor/laravel/framework/src/Illuminate/Foundation/Http/Kernel.php:246
[11-Feb-2016 22:24:29 UTC] PHP  15. Illuminate\Routing\Router->dispatchToRoute() /home/ubuntu/workspace/vendor/laravel/framework/src/Illuminate/Routing/Router.php:654
[11-Feb-2016 22:24:29 UTC] PHP  16. Illuminate\Routing\Router->runRouteWithinStack() /home/ubuntu/workspace/vendor/laravel/framework/src/Illuminate/Routing/Router.php:678
[11-Feb-2016 22:24:29 UTC] PHP  17. Illuminate\Pipeline\Pipeline->then() /home/ubuntu/workspace/vendor/laravel/framework/src/Illuminate/Routing/Router.php:705
[11-Feb-2016 22:24:29 UTC] PHP  18. call_user_func:{/home/ubuntu/workspace/vendor/laravel/framework/src/Illuminate/Pipeline/Pipeline.php:103}() /home/ubuntu/workspace/vendor/laravel/framework/src/Illuminate/Pipeline/Pipeline.php:103
[11-Feb-2016 22:24:29 UTC] PHP  19. Illuminate\Routing\Pipeline->Illuminate\Routing\{closure}() /home/ubuntu/workspace/vendor/laravel/framework/src/Illuminate/Pipeline/Pipeline.php:103
[11-Feb-2016 22:24:29 UTC] PHP  20. call_user_func:{/home/ubuntu/workspace/vendor/laravel/framework/src/Illuminate/Routing/Pipeline.php:32}() /home/ubuntu/workspace/vendor/laravel/framework/src/Illuminate/Routing/Pipeline.php:32
[11-Feb-2016 22:24:29 UTC] PHP  21. Illuminate\Pipeline\Pipeline->Illuminate\Pipeline\{closure}() /home/ubuntu/workspace/vendor/laravel/framework/src/Illuminate/Routing/Pipeline.php:32
[11-Feb-2016 22:24:29 UTC] PHP  22. call_user_func_array:{/home/ubuntu/workspace/vendor/laravel/framework/src/Illuminate/Pipeline/Pipeline.php:124}() /home/ubuntu/workspace/vendor/laravel/framework/src/Illuminate/Pipeline/Pipeline.php:124
[11-Feb-2016 22:24:29 UTC] PHP  23. Illuminate\Cookie\Middleware\EncryptCookies->handle() /home/ubuntu/workspace/vendor/laravel/framework/src/Illuminate/Pipeline/Pipeline.php:124
[11-Feb-2016 22:24:29 UTC] PHP  24. Illuminate\Routing\Pipeline->Illuminate\Routing\{closure}() /home/ubuntu/workspace/vendor/laravel/framework/src/Illuminate/Cookie/Middleware/EncryptCookies.php:59
[11-Feb-2016 22:24:29 UTC] PHP  25. call_user_func:{/home/ubuntu/workspace/vendor/laravel/framework/src/Illuminate/Routing/Pipeline.php:32}() /home/ubuntu/workspace/vendor/laravel/framework/src/Illuminate/Routing/Pipeline.php:32
[11-Feb-2016 22:24:29 UTC] PHP  26. Illuminate\Pipeline\Pipeline->Illuminate\Pipeline\{closure}() /home/ubuntu/workspace/vendor/laravel/framework/src/Illuminate/Routing/Pipeline.php:32
[11-Feb-2016 22:24:29 UTC] PHP  27. call_user_func_array:{/home/ubuntu/workspace/vendor/laravel/framework/src/Illuminate/Pipeline/Pipeline.php:124}() /home/ubuntu/workspace/vendor/laravel/framework/src/Illuminate/Pipeline/Pipeline.php:124
[11-Feb-2016 22:24:29 UTC] PHP  28. Illuminate\Cookie\Middleware\AddQueuedCookiesToResponse->handle() /home/ubuntu/workspace/vendor/laravel/framework/src/Illuminate/Pipeline/Pipeline.php:124
[11-Feb-2016 22:24:29 UTC] PHP  29. Illuminate\Routing\Pipeline->Illuminate\Routing\{closure}() /home/ubuntu/workspace/vendor/laravel/framework/src/Illuminate/Cookie/Middleware/AddQueuedCookiesToResponse.php:37
[11-Feb-2016 22:24:29 UTC] PHP  30. call_user_func:{/home/ubuntu/workspace/vendor/laravel/framework/src/Illuminate/Routing/Pipeline.php:32}() /home/ubuntu/workspace/vendor/laravel/framework/src/Illuminate/Routing/Pipeline.php:32
[11-Feb-2016 22:24:29 UTC] PHP  31. Illuminate\Pipeline\Pipeline->Illuminate\Pipeline\{closure}() /home/ubuntu/workspace/vendor/laravel/framework/src/Illuminate/Routing/Pipeline.php:32
[11-Feb-2016 22:24:29 UTC] PHP  32. call_user_func_array:{/home/ubuntu/workspace/vendor/laravel/framework/src/Illuminate/Pipeline/Pipeline.php:124}() /home/ubuntu/workspace/vendor/laravel/framework/src/Illuminate/Pipeline/Pipeline.php:124
[11-Feb-2016 22:24:29 UTC] PHP  33. Illuminate\Session\Middleware\StartSession->handle() /home/ubuntu/workspace/vendor/laravel/framework/src/Illuminate/Pipeline/Pipeline.php:124
[11-Feb-2016 22:24:29 UTC] PHP  34. Illuminate\Routing\Pipeline->Illuminate\Routing\{closure}() /home/ubuntu/workspace/vendor/laravel/framework/src/Illuminate/Session/Middleware/StartSession.php:62
[11-Feb-2016 22:24:29 UTC] PHP  35. call_user_func:{/home/ubuntu/workspace/vendor/laravel/framework/src/Illuminate/Routing/Pipeline.php:32}() /home/ubuntu/workspace/vendor/laravel/framework/src/Illuminate/Routing/Pipeline.php:32
[11-Feb-2016 22:24:29 UTC] PHP  36. Illuminate\Pipeline\Pipeline->Illuminate\Pipeline\{closure}() /home/ubuntu/workspace/vendor/laravel/framework/src/Illuminate/Routing/Pipeline.php:32
[11-Feb-2016 22:24:29 UTC] PHP  37. call_user_func_array:{/home/ubuntu/workspace/vendor/laravel/framework/src/Illuminate/Pipeline/Pipeline.php:124}() /home/ubuntu/workspace/vendor/laravel/framework/src/Illuminate/Pipeline/Pipeline.php:124
[11-Feb-2016 22:24:29 UTC] PHP  38. Illuminate\View\Middleware\ShareErrorsFromSession->handle() /home/ubuntu/workspace/vendor/laravel/framework/src/Illuminate/Pipeline/Pipeline.php:124
[11-Feb-2016 22:24:29 UTC] PHP  39. Illuminate\Routing\Pipeline->Illuminate\Routing\{closure}() /home/ubuntu/workspace/vendor/laravel/framework/src/Illuminate/View/Middleware/ShareErrorsFromSession.php:49
[11-Feb-2016 22:24:29 UTC] PHP  40. call_user_func:{/home/ubuntu/workspace/vendor/laravel/framework/src/Illuminate/Routing/Pipeline.php:32}() /home/ubuntu/workspace/vendor/laravel/framework/src/Illuminate/Routing/Pipeline.php:32
[11-Feb-2016 22:24:29 UTC] PHP  41. Illuminate\Pipeline\Pipeline->Illuminate\Pipeline\{closure}() /home/ubuntu/workspace/vendor/laravel/framework/src/Illuminate/Routing/Pipeline.php:32
[11-Feb-2016 22:24:29 UTC] PHP  42. call_user_func_array:{/home/ubuntu/workspace/vendor/laravel/framework/src/Illuminate/Pipeline/Pipeline.php:124}() /home/ubuntu/workspace/vendor/laravel/framework/src/Illuminate/Pipeline/Pipeline.php:124
[11-Feb-2016 22:24:29 UTC] PHP  43. Illuminate\Foundation\Http\Middleware\VerifyCsrfToken->handle() /home/ubuntu/workspace/vendor/laravel/framework/src/Illuminate/Pipeline/Pipeline.php:124
[11-Feb-2016 22:24:29 UTC] PHP  44. Illuminate\Routing\Pipeline->Illuminate\Routing\{closure}() /home/ubuntu/workspace/vendor/laravel/framework/src/Illuminate/Foundation/Http/Middleware/VerifyCsrfToken.php:64
[11-Feb-2016 22:24:29 UTC] PHP  45. call_user_func:{/home/ubuntu/workspace/vendor/laravel/framework/src/Illuminate/Routing/Pipeline.php:52}() /home/ubuntu/workspace/vendor/laravel/framework/src/Illuminate/Routing/Pipeline.php:52
[11-Feb-2016 22:24:29 UTC] PHP  46. Illuminate\Routing\Router->Illuminate\Routing\{closure}() /home/ubuntu/workspace/vendor/laravel/framework/src/Illuminate/Routing/Pipeline.php:52
[11-Feb-2016 22:24:29 UTC] PHP  47. Illuminate\Routing\Route->run() /home/ubuntu/workspace/vendor/laravel/framework/src/Illuminate/Routing/Router.php:703
[11-Feb-2016 22:24:29 UTC] PHP  48. Illuminate\Routing\Route->runController() /home/ubuntu/workspace/vendor/laravel/framework/src/Illuminate/Routing/Route.php:140
[11-Feb-2016 22:24:29 UTC] PHP  49. Illuminate\Routing\ControllerDispatcher->dispatch() /home/ubuntu/workspace/vendor/laravel/framework/src/Illuminate/Routing/Route.php:174
[11-Feb-2016 22:24:29 UTC] PHP  50. Illuminate\Routing\ControllerDispatcher->callWithinStack() /home/ubuntu/workspace/vendor/laravel/framework/src/Illuminate/Routing/ControllerDispatcher.php:54
[11-Feb-2016 22:24:29 UTC] PHP  51. Illuminate\Pipeline\Pipeline->then() /home/ubuntu/workspace/vendor/laravel/framework/src/Illuminate/Routing/ControllerDispatcher.php:96
[11-Feb-2016 22:24:29 UTC] PHP  52. call_user_func:{/home/ubuntu/workspace/vendor/laravel/framework/src/Illuminate/Pipeline/Pipeline.php:103}() /home/ubuntu/workspace/vendor/laravel/framework/src/Illuminate/Pipeline/Pipeline.php:103
[11-Feb-2016 22:24:29 UTC] PHP  53. Illuminate\Routing\Pipeline->Illuminate\Routing\{closure}() /home/ubuntu/workspace/vendor/laravel/framework/src/Illuminate/Pipeline/Pipeline.php:103
[11-Feb-2016 22:24:29 UTC] PHP  54. call_user_func:{/home/ubuntu/workspace/vendor/laravel/framework/src/Illuminate/Routing/Pipeline.php:52}() /home/ubuntu/workspace/vendor/laravel/framework/src/Illuminate/Routing/Pipeline.php:52
[11-Feb-2016 22:24:29 UTC] PHP  55. Illuminate\Routing\ControllerDispatcher->Illuminate\Routing\{closure}() /home/ubuntu/workspace/vendor/laravel/framework/src/Illuminate/Routing/Pipeline.php:52
[11-Feb-2016 22:24:29 UTC] PHP  56. Illuminate\Routing\ControllerDispatcher->call() /home/ubuntu/workspace/vendor/laravel/framework/src/Illuminate/Routing/ControllerDispatcher.php:94
[11-Feb-2016 22:24:29 UTC] PHP  57. Illuminate\Routing\Controller->callAction() /home/ubuntu/workspace/vendor/laravel/framework/src/Illuminate/Routing/ControllerDispatcher.php:146
[11-Feb-2016 22:24:29 UTC] PHP  58. call_user_func_array:{/home/ubuntu/workspace/vendor/laravel/framework/src/Illuminate/Routing/Controller.php:76}() /home/ubuntu/workspace/vendor/laravel/framework/src/Illuminate/Routing/Controller.php:76
[11-Feb-2016 22:24:29 UTC] PHP  59. App\Http\Controllers\PhotoPromptController->generate() /home/ubuntu/workspace/vendor/laravel/framework/src/Illuminate/Routing/Controller.php:76
[11-Feb-2016 22:24:57 UTC] PHP Fatal error:  Class 'App\Http\Controllers\Carbon' not found in /home/ubuntu/workspace/app/Http/Controllers/PhotoPromptController.php on line 20
[11-Feb-2016 22:24:57 UTC] PHP Stack trace:
[11-Feb-2016 22:24:57 UTC] PHP   1. {main}() /home/ubuntu/workspace/public/index.php:0
[11-Feb-2016 22:24:57 UTC] PHP   2. Illuminate\Foundation\Http\Kernel->handle() /home/ubuntu/workspace/public/index.php:54
[11-Feb-2016 22:24:57 UTC] PHP   3. Illuminate\Foundation\Http\Kernel->sendRequestThroughRouter() /home/ubuntu/workspace/vendor/laravel/framework/src/Illuminate/Foundation/Http/Kernel.php:99
[11-Feb-2016 22:24:57 UTC] PHP   4. Illuminate\Pipeline\Pipeline->then() /home/ubuntu/workspace/vendor/laravel/framework/src/Illuminate/Foundation/Http/Kernel.php:132
[11-Feb-2016 22:24:57 UTC] PHP   5. call_user_func:{/home/ubuntu/workspace/vendor/laravel/framework/src/Illuminate/Pipeline/Pipeline.php:103}() /home/ubuntu/workspace/vendor/laravel/framework/src/Illuminate/Pipeline/Pipeline.php:103
[11-Feb-2016 22:24:57 UTC] PHP   6. Illuminate\Routing\Pipeline->Illuminate\Routing\{closure}() /home/ubuntu/workspace/vendor/laravel/framework/src/Illuminate/Pipeline/Pipeline.php:103
[11-Feb-2016 22:24:57 UTC] PHP   7. call_user_func:{/home/ubuntu/workspace/vendor/laravel/framework/src/Illuminate/Routing/Pipeline.php:32}() /home/ubuntu/workspace/vendor/laravel/framework/src/Illuminate/Routing/Pipeline.php:32
[11-Feb-2016 22:24:57 UTC] PHP   8. Illuminate\Pipeline\Pipeline->Illuminate\Pipeline\{closure}() /home/ubuntu/workspace/vendor/laravel/framework/src/Illuminate/Routing/Pipeline.php:32
[11-Feb-2016 22:24:57 UTC] PHP   9. call_user_func_array:{/home/ubuntu/workspace/vendor/laravel/framework/src/Illuminate/Pipeline/Pipeline.php:124}() /home/ubuntu/workspace/vendor/laravel/framework/src/Illuminate/Pipeline/Pipeline.php:124
[11-Feb-2016 22:24:57 UTC] PHP  10. Illuminate\Foundation\Http\Middleware\CheckForMaintenanceMode->handle() /home/ubuntu/workspace/vendor/laravel/framework/src/Illuminate/Pipeline/Pipeline.php:124
[11-Feb-2016 22:24:57 UTC] PHP  11. Illuminate\Routing\Pipeline->Illuminate\Routing\{closure}() /home/ubuntu/workspace/vendor/laravel/framework/src/Illuminate/Foundation/Http/Middleware/CheckForMaintenanceMode.php:44
[11-Feb-2016 22:24:57 UTC] PHP  12. call_user_func:{/home/ubuntu/workspace/vendor/laravel/framework/src/Illuminate/Routing/Pipeline.php:52}() /home/ubuntu/workspace/vendor/laravel/framework/src/Illuminate/Routing/Pipeline.php:52
[11-Feb-2016 22:24:57 UTC] PHP  13. Illuminate\Foundation\Http\Kernel->Illuminate\Foundation\Http\{closure}() /home/ubuntu/workspace/vendor/laravel/framework/src/Illuminate/Routing/Pipeline.php:52
[11-Feb-2016 22:24:57 UTC] PHP  14. Illuminate\Routing\Router->dispatch() /home/ubuntu/workspace/vendor/laravel/framework/src/Illuminate/Foundation/Http/Kernel.php:246
[11-Feb-2016 22:24:57 UTC] PHP  15. Illuminate\Routing\Router->dispatchToRoute() /home/ubuntu/workspace/vendor/laravel/framework/src/Illuminate/Routing/Router.php:654
[11-Feb-2016 22:24:57 UTC] PHP  16. Illuminate\Routing\Router->runRouteWithinStack() /home/ubuntu/workspace/vendor/laravel/framework/src/Illuminate/Routing/Router.php:678
[11-Feb-2016 22:24:57 UTC] PHP  17. Illuminate\Pipeline\Pipeline->then() /home/ubuntu/workspace/vendor/laravel/framework/src/Illuminate/Routing/Router.php:705
[11-Feb-2016 22:24:57 UTC] PHP  18. call_user_func:{/home/ubuntu/workspace/vendor/laravel/framework/src/Illuminate/Pipeline/Pipeline.php:103}() /home/ubuntu/workspace/vendor/laravel/framework/src/Illuminate/Pipeline/Pipeline.php:103
[11-Feb-2016 22:24:57 UTC] PHP  19. Illuminate\Routing\Pipeline->Illuminate\Routing\{closure}() /home/ubuntu/workspace/vendor/laravel/framework/src/Illuminate/Pipeline/Pipeline.php:103
[11-Feb-2016 22:24:57 UTC] PHP  20. call_user_func:{/home/ubuntu/workspace/vendor/laravel/framework/src/Illuminate/Routing/Pipeline.php:32}() /home/ubuntu/workspace/vendor/laravel/framework/src/Illuminate/Routing/Pipeline.php:32
[11-Feb-2016 22:24:57 UTC] PHP  21. Illuminate\Pipeline\Pipeline->Illuminate\Pipeline\{closure}() /home/ubuntu/workspace/vendor/laravel/framework/src/Illuminate/Routing/Pipeline.php:32
[11-Feb-2016 22:24:57 UTC] PHP  22. call_user_func_array:{/home/ubuntu/workspace/vendor/laravel/framework/src/Illuminate/Pipeline/Pipeline.php:124}() /home/ubuntu/workspace/vendor/laravel/framework/src/Illuminate/Pipeline/Pipeline.php:124
[11-Feb-2016 22:24:57 UTC] PHP  23. Illuminate\Cookie\Middleware\EncryptCookies->handle() /home/ubuntu/workspace/vendor/laravel/framework/src/Illuminate/Pipeline/Pipeline.php:124
[11-Feb-2016 22:24:57 UTC] PHP  24. Illuminate\Routing\Pipeline->Illuminate\Routing\{closure}() /home/ubuntu/workspace/vendor/laravel/framework/src/Illuminate/Cookie/Middleware/EncryptCookies.php:59
[11-Feb-2016 22:24:57 UTC] PHP  25. call_user_func:{/home/ubuntu/workspace/vendor/laravel/framework/src/Illuminate/Routing/Pipeline.php:32}() /home/ubuntu/workspace/vendor/laravel/framework/src/Illuminate/Routing/Pipeline.php:32
[11-Feb-2016 22:24:57 UTC] PHP  26. Illuminate\Pipeline\Pipeline->Illuminate\Pipeline\{closure}() /home/ubuntu/workspace/vendor/laravel/framework/src/Illuminate/Routing/Pipeline.php:32
[11-Feb-2016 22:24:57 UTC] PHP  27. call_user_func_array:{/home/ubuntu/workspace/vendor/laravel/framework/src/Illuminate/Pipeline/Pipeline.php:124}() /home/ubuntu/workspace/vendor/laravel/framework/src/Illuminate/Pipeline/Pipeline.php:124
[11-Feb-2016 22:24:57 UTC] PHP  28. Illuminate\Cookie\Middleware\AddQueuedCookiesToResponse->handle() /home/ubuntu/workspace/vendor/laravel/framework/src/Illuminate/Pipeline/Pipeline.php:124
[11-Feb-2016 22:24:57 UTC] PHP  29. Illuminate\Routing\Pipeline->Illuminate\Routing\{closure}() /home/ubuntu/workspace/vendor/laravel/framework/src/Illuminate/Cookie/Middleware/AddQueuedCookiesToResponse.php:37
[11-Feb-2016 22:24:57 UTC] PHP  30. call_user_func:{/home/ubuntu/workspace/vendor/laravel/framework/src/Illuminate/Routing/Pipeline.php:32}() /home/ubuntu/workspace/vendor/laravel/framework/src/Illuminate/Routing/Pipeline.php:32
[11-Feb-2016 22:24:57 UTC] PHP  31. Illuminate\Pipeline\Pipeline->Illuminate\Pipeline\{closure}() /home/ubuntu/workspace/vendor/laravel/framework/src/Illuminate/Routing/Pipeline.php:32
[11-Feb-2016 22:24:57 UTC] PHP  32. call_user_func_array:{/home/ubuntu/workspace/vendor/laravel/framework/src/Illuminate/Pipeline/Pipeline.php:124}() /home/ubuntu/workspace/vendor/laravel/framework/src/Illuminate/Pipeline/Pipeline.php:124
[11-Feb-2016 22:24:57 UTC] PHP  33. Illuminate\Session\Middleware\StartSession->handle() /home/ubuntu/workspace/vendor/laravel/framework/src/Illuminate/Pipeline/Pipeline.php:124
[11-Feb-2016 22:24:57 UTC] PHP  34. Illuminate\Routing\Pipeline->Illuminate\Routing\{closure}() /home/ubuntu/workspace/vendor/laravel/framework/src/Illuminate/Session/Middleware/StartSession.php:62
[11-Feb-2016 22:24:57 UTC] PHP  35. call_user_func:{/home/ubuntu/workspace/vendor/laravel/framework/src/Illuminate/Routing/Pipeline.php:32}() /home/ubuntu/workspace/vendor/laravel/framework/src/Illuminate/Routing/Pipeline.php:32
[11-Feb-2016 22:24:57 UTC] PHP  36. Illuminate\Pipeline\Pipeline->Illuminate\Pipeline\{closure}() /home/ubuntu/workspace/vendor/laravel/framework/src/Illuminate/Routing/Pipeline.php:32
[11-Feb-2016 22:24:57 UTC] PHP  37. call_user_func_array:{/home/ubuntu/workspace/vendor/laravel/framework/src/Illuminate/Pipeline/Pipeline.php:124}() /home/ubuntu/workspace/vendor/laravel/framework/src/Illuminate/Pipeline/Pipeline.php:124
[11-Feb-2016 22:24:57 UTC] PHP  38. Illuminate\View\Middleware\ShareErrorsFromSession->handle() /home/ubuntu/workspace/vendor/laravel/framework/src/Illuminate/Pipeline/Pipeline.php:124
[11-Feb-2016 22:24:57 UTC] PHP  39. Illuminate\Routing\Pipeline->Illuminate\Routing\{closure}() /home/ubuntu/workspace/vendor/laravel/framework/src/Illuminate/View/Middleware/ShareErrorsFromSession.php:49
[11-Feb-2016 22:24:57 UTC] PHP  40. call_user_func:{/home/ubuntu/workspace/vendor/laravel/framework/src/Illuminate/Routing/Pipeline.php:32}() /home/ubuntu/workspace/vendor/laravel/framework/src/Illuminate/Routing/Pipeline.php:32
[11-Feb-2016 22:24:57 UTC] PHP  41. Illuminate\Pipeline\Pipeline->Illuminate\Pipeline\{closure}() /home/ubuntu/workspace/vendor/laravel/framework/src/Illuminate/Routing/Pipeline.php:32
[11-Feb-2016 22:24:57 UTC] PHP  42. call_user_func_array:{/home/ubuntu/workspace/vendor/laravel/framework/src/Illuminate/Pipeline/Pipeline.php:124}() /home/ubuntu/workspace/vendor/laravel/framework/src/Illuminate/Pipeline/Pipeline.php:124
[11-Feb-2016 22:24:57 UTC] PHP  43. Illuminate\Foundation\Http\Middleware\VerifyCsrfToken->handle() /home/ubuntu/workspace/vendor/laravel/framework/src/Illuminate/Pipeline/Pipeline.php:124
[11-Feb-2016 22:24:57 UTC] PHP  44. Illuminate\Routing\Pipeline->Illuminate\Routing\{closure}() /home/ubuntu/workspace/vendor/laravel/framework/src/Illuminate/Foundation/Http/Middleware/VerifyCsrfToken.php:64
[11-Feb-2016 22:24:57 UTC] PHP  45. call_user_func:{/home/ubuntu/workspace/vendor/laravel/framework/src/Illuminate/Routing/Pipeline.php:52}() /home/ubuntu/workspace/vendor/laravel/framework/src/Illuminate/Routing/Pipeline.php:52
[11-Feb-2016 22:24:57 UTC] PHP  46. Illuminate\Routing\Router->Illuminate\Routing\{closure}() /home/ubuntu/workspace/vendor/laravel/framework/src/Illuminate/Routing/Pipeline.php:52
[11-Feb-2016 22:24:57 UTC] PHP  47. Illuminate\Routing\Route->run() /home/ubuntu/workspace/vendor/laravel/framework/src/Illuminate/Routing/Router.php:703
[11-Feb-2016 22:24:57 UTC] PHP  48. Illuminate\Routing\Route->runController() /home/ubuntu/workspace/vendor/laravel/framework/src/Illuminate/Routing/Route.php:140
[11-Feb-2016 22:24:57 UTC] PHP  49. Illuminate\Routing\ControllerDispatcher->dispatch() /home/ubuntu/workspace/vendor/laravel/framework/src/Illuminate/Routing/Route.php:174
[11-Feb-2016 22:24:57 UTC] PHP  50. Illuminate\Routing\ControllerDispatcher->callWithinStack() /home/ubuntu/workspace/vendor/laravel/framework/src/Illuminate/Routing/ControllerDispatcher.php:54
[11-Feb-2016 22:24:57 UTC] PHP  51. Illuminate\Pipeline\Pipeline->then() /home/ubuntu/workspace/vendor/laravel/framework/src/Illuminate/Routing/ControllerDispatcher.php:96
[11-Feb-2016 22:24:57 UTC] PHP  52. call_user_func:{/home/ubuntu/workspace/vendor/laravel/framework/src/Illuminate/Pipeline/Pipeline.php:103}() /home/ubuntu/workspace/vendor/laravel/framework/src/Illuminate/Pipeline/Pipeline.php:103
[11-Feb-2016 22:24:57 UTC] PHP  53. Illuminate\Routing\Pipeline->Illuminate\Routing\{closure}() /home/ubuntu/workspace/vendor/laravel/framework/src/Illuminate/Pipeline/Pipeline.php:103
[11-Feb-2016 22:24:57 UTC] PHP  54. call_user_func:{/home/ubuntu/workspace/vendor/laravel/framework/src/Illuminate/Routing/Pipeline.php:52}() /home/ubuntu/workspace/vendor/laravel/framework/src/Illuminate/Routing/Pipeline.php:52
[11-Feb-2016 22:24:57 UTC] PHP  55. Illuminate\Routing\ControllerDispatcher->Illuminate\Routing\{closure}() /home/ubuntu/workspace/vendor/laravel/framework/src/Illuminate/Routing/Pipeline.php:52
[11-Feb-2016 22:24:57 UTC] PHP  56. Illuminate\Routing\ControllerDispatcher->call() /home/ubuntu/workspace/vendor/laravel/framework/src/Illuminate/Routing/ControllerDispatcher.php:94
[11-Feb-2016 22:24:57 UTC] PHP  57. Illuminate\Routing\Controller->callAction() /home/ubuntu/workspace/vendor/laravel/framework/src/Illuminate/Routing/ControllerDispatcher.php:146
[11-Feb-2016 22:24:57 UTC] PHP  58. call_user_func_array:{/home/ubuntu/workspace/vendor/laravel/framework/src/Illuminate/Routing/Controller.php:76}() /home/ubuntu/workspace/vendor/laravel/framework/src/Illuminate/Routing/Controller.php:76
[11-Feb-2016 22:24:57 UTC] PHP  59. App\Http\Controllers\PhotoPromptController->generate() /home/ubuntu/workspace/vendor/laravel/framework/src/Illuminate/Routing/Controller.php:76
[11-Feb-2016 22:25:11 UTC] PHP Fatal error:  Class 'App\Http\Controllers\Photo' not found in /home/ubuntu/workspace/app/Http/Controllers/PhotoPromptController.php on line 34
[11-Feb-2016 22:25:11 UTC] PHP Stack trace:
[11-Feb-2016 22:25:11 UTC] PHP   1. {main}() /home/ubuntu/workspace/public/index.php:0
[11-Feb-2016 22:25:11 UTC] PHP   2. Illuminate\Foundation\Http\Kernel->handle() /home/ubuntu/workspace/public/index.php:54
[11-Feb-2016 22:25:11 UTC] PHP   3. Illuminate\Foundation\Http\Kernel->sendRequestThroughRouter() /home/ubuntu/workspace/vendor/laravel/framework/src/Illuminate/Foundation/Http/Kernel.php:99
[11-Feb-2016 22:25:11 UTC] PHP   4. Illuminate\Pipeline\Pipeline->then() /home/ubuntu/workspace/vendor/laravel/framework/src/Illuminate/Foundation/Http/Kernel.php:132
[11-Feb-2016 22:25:11 UTC] PHP   5. call_user_func:{/home/ubuntu/workspace/vendor/laravel/framework/src/Illuminate/Pipeline/Pipeline.php:103}() /home/ubuntu/workspace/vendor/laravel/framework/src/Illuminate/Pipeline/Pipeline.php:103
[11-Feb-2016 22:25:11 UTC] PHP   6. Illuminate\Routing\Pipeline->Illuminate\Routing\{closure}() /home/ubuntu/workspace/vendor/laravel/framework/src/Illuminate/Pipeline/Pipeline.php:103
[11-Feb-2016 22:25:11 UTC] PHP   7. call_user_func:{/home/ubuntu/workspace/vendor/laravel/framework/src/Illuminate/Routing/Pipeline.php:32}() /home/ubuntu/workspace/vendor/laravel/framework/src/Illuminate/Routing/Pipeline.php:32
[11-Feb-2016 22:25:11 UTC] PHP   8. Illuminate\Pipeline\Pipeline->Illuminate\Pipeline\{closure}() /home/ubuntu/workspace/vendor/laravel/framework/src/Illuminate/Routing/Pipeline.php:32
[11-Feb-2016 22:25:11 UTC] PHP   9. call_user_func_array:{/home/ubuntu/workspace/vendor/laravel/framework/src/Illuminate/Pipeline/Pipeline.php:124}() /home/ubuntu/workspace/vendor/laravel/framework/src/Illuminate/Pipeline/Pipeline.php:124
[11-Feb-2016 22:25:11 UTC] PHP  10. Illuminate\Foundation\Http\Middleware\CheckForMaintenanceMode->handle() /home/ubuntu/workspace/vendor/laravel/framework/src/Illuminate/Pipeline/Pipeline.php:124
[11-Feb-2016 22:25:11 UTC] PHP  11. Illuminate\Routing\Pipeline->Illuminate\Routing\{closure}() /home/ubuntu/workspace/vendor/laravel/framework/src/Illuminate/Foundation/Http/Middleware/CheckForMaintenanceMode.php:44
[11-Feb-2016 22:25:11 UTC] PHP  12. call_user_func:{/home/ubuntu/workspace/vendor/laravel/framework/src/Illuminate/Routing/Pipeline.php:52}() /home/ubuntu/workspace/vendor/laravel/framework/src/Illuminate/Routing/Pipeline.php:52
[11-Feb-2016 22:25:11 UTC] PHP  13. Illuminate\Foundation\Http\Kernel->Illuminate\Foundation\Http\{closure}() /home/ubuntu/workspace/vendor/laravel/framework/src/Illuminate/Routing/Pipeline.php:52
[11-Feb-2016 22:25:11 UTC] PHP  14. Illuminate\Routing\Router->dispatch() /home/ubuntu/workspace/vendor/laravel/framework/src/Illuminate/Foundation/Http/Kernel.php:246
[11-Feb-2016 22:25:11 UTC] PHP  15. Illuminate\Routing\Router->dispatchToRoute() /home/ubuntu/workspace/vendor/laravel/framework/src/Illuminate/Routing/Router.php:654
[11-Feb-2016 22:25:11 UTC] PHP  16. Illuminate\Routing\Router->runRouteWithinStack() /home/ubuntu/workspace/vendor/laravel/framework/src/Illuminate/Routing/Router.php:678
[11-Feb-2016 22:25:11 UTC] PHP  17. Illuminate\Pipeline\Pipeline->then() /home/ubuntu/workspace/vendor/laravel/framework/src/Illuminate/Routing/Router.php:705
[11-Feb-2016 22:25:11 UTC] PHP  18. call_user_func:{/home/ubuntu/workspace/vendor/laravel/framework/src/Illuminate/Pipeline/Pipeline.php:103}() /home/ubuntu/workspace/vendor/laravel/framework/src/Illuminate/Pipeline/Pipeline.php:103
[11-Feb-2016 22:25:11 UTC] PHP  19. Illuminate\Routing\Pipeline->Illuminate\Routing\{closure}() /home/ubuntu/workspace/vendor/laravel/framework/src/Illuminate/Pipeline/Pipeline.php:103
[11-Feb-2016 22:25:11 UTC] PHP  20. call_user_func:{/home/ubuntu/workspace/vendor/laravel/framework/src/Illuminate/Routing/Pipeline.php:32}() /home/ubuntu/workspace/vendor/laravel/framework/src/Illuminate/Routing/Pipeline.php:32
[11-Feb-2016 22:25:11 UTC] PHP  21. Illuminate\Pipeline\Pipeline->Illuminate\Pipeline\{closure}() /home/ubuntu/workspace/vendor/laravel/framework/src/Illuminate/Routing/Pipeline.php:32
[11-Feb-2016 22:25:11 UTC] PHP  22. call_user_func_array:{/home/ubuntu/workspace/vendor/laravel/framework/src/Illuminate/Pipeline/Pipeline.php:124}() /home/ubuntu/workspace/vendor/laravel/framework/src/Illuminate/Pipeline/Pipeline.php:124
[11-Feb-2016 22:25:11 UTC] PHP  23. Illuminate\Cookie\Middleware\EncryptCookies->handle() /home/ubuntu/workspace/vendor/laravel/framework/src/Illuminate/Pipeline/Pipeline.php:124
[11-Feb-2016 22:25:11 UTC] PHP  24. Illuminate\Routing\Pipeline->Illuminate\Routing\{closure}() /home/ubuntu/workspace/vendor/laravel/framework/src/Illuminate/Cookie/Middleware/EncryptCookies.php:59
[11-Feb-2016 22:25:11 UTC] PHP  25. call_user_func:{/home/ubuntu/workspace/vendor/laravel/framework/src/Illuminate/Routing/Pipeline.php:32}() /home/ubuntu/workspace/vendor/laravel/framework/src/Illuminate/Routing/Pipeline.php:32
[11-Feb-2016 22:25:11 UTC] PHP  26. Illuminate\Pipeline\Pipeline->Illuminate\Pipeline\{closure}() /home/ubuntu/workspace/vendor/laravel/framework/src/Illuminate/Routing/Pipeline.php:32
[11-Feb-2016 22:25:11 UTC] PHP  27. call_user_func_array:{/home/ubuntu/workspace/vendor/laravel/framework/src/Illuminate/Pipeline/Pipeline.php:124}() /home/ubuntu/workspace/vendor/laravel/framework/src/Illuminate/Pipeline/Pipeline.php:124
[11-Feb-2016 22:25:11 UTC] PHP  28. Illuminate\Cookie\Middleware\AddQueuedCookiesToResponse->handle() /home/ubuntu/workspace/vendor/laravel/framework/src/Illuminate/Pipeline/Pipeline.php:124
[11-Feb-2016 22:25:11 UTC] PHP  29. Illuminate\Routing\Pipeline->Illuminate\Routing\{closure}() /home/ubuntu/workspace/vendor/laravel/framework/src/Illuminate/Cookie/Middleware/AddQueuedCookiesToResponse.php:37
[11-Feb-2016 22:25:11 UTC] PHP  30. call_user_func:{/home/ubuntu/workspace/vendor/laravel/framework/src/Illuminate/Routing/Pipeline.php:32}() /home/ubuntu/workspace/vendor/laravel/framework/src/Illuminate/Routing/Pipeline.php:32
[11-Feb-2016 22:25:11 UTC] PHP  31. Illuminate\Pipeline\Pipeline->Illuminate\Pipeline\{closure}() /home/ubuntu/workspace/vendor/laravel/framework/src/Illuminate/Routing/Pipeline.php:32
[11-Feb-2016 22:25:11 UTC] PHP  32. call_user_func_array:{/home/ubuntu/workspace/vendor/laravel/framework/src/Illuminate/Pipeline/Pipeline.php:124}() /home/ubuntu/workspace/vendor/laravel/framework/src/Illuminate/Pipeline/Pipeline.php:124
[11-Feb-2016 22:25:11 UTC] PHP  33. Illuminate\Session\Middleware\StartSession->handle() /home/ubuntu/workspace/vendor/laravel/framework/src/Illuminate/Pipeline/Pipeline.php:124
[11-Feb-2016 22:25:11 UTC] PHP  34. Illuminate\Routing\Pipeline->Illuminate\Routing\{closure}() /home/ubuntu/workspace/vendor/laravel/framework/src/Illuminate/Session/Middleware/StartSession.php:62
[11-Feb-2016 22:25:11 UTC] PHP  35. call_user_func:{/home/ubuntu/workspace/vendor/laravel/framework/src/Illuminate/Routing/Pipeline.php:32}() /home/ubuntu/workspace/vendor/laravel/framework/src/Illuminate/Routing/Pipeline.php:32
[11-Feb-2016 22:25:11 UTC] PHP  36. Illuminate\Pipeline\Pipeline->Illuminate\Pipeline\{closure}() /home/ubuntu/workspace/vendor/laravel/framework/src/Illuminate/Routing/Pipeline.php:32
[11-Feb-2016 22:25:11 UTC] PHP  37. call_user_func_array:{/home/ubuntu/workspace/vendor/laravel/framework/src/Illuminate/Pipeline/Pipeline.php:124}() /home/ubuntu/workspace/vendor/laravel/framework/src/Illuminate/Pipeline/Pipeline.php:124
[11-Feb-2016 22:25:11 UTC] PHP  38. Illuminate\View\Middleware\ShareErrorsFromSession->handle() /home/ubuntu/workspace/vendor/laravel/framework/src/Illuminate/Pipeline/Pipeline.php:124
[11-Feb-2016 22:25:11 UTC] PHP  39. Illuminate\Routing\Pipeline->Illuminate\Routing\{closure}() /home/ubuntu/workspace/vendor/laravel/framework/src/Illuminate/View/Middleware/ShareErrorsFromSession.php:49
[11-Feb-2016 22:25:11 UTC] PHP  40. call_user_func:{/home/ubuntu/workspace/vendor/laravel/framework/src/Illuminate/Routing/Pipeline.php:32}() /home/ubuntu/workspace/vendor/laravel/framework/src/Illuminate/Routing/Pipeline.php:32
[11-Feb-2016 22:25:11 UTC] PHP  41. Illuminate\Pipeline\Pipeline->Illuminate\Pipeline\{closure}() /home/ubuntu/workspace/vendor/laravel/framework/src/Illuminate/Routing/Pipeline.php:32
[11-Feb-2016 22:25:11 UTC] PHP  42. call_user_func_array:{/home/ubuntu/workspace/vendor/laravel/framework/src/Illuminate/Pipeline/Pipeline.php:124}() /home/ubuntu/workspace/vendor/laravel/framework/src/Illuminate/Pipeline/Pipeline.php:124
[11-Feb-2016 22:25:11 UTC] PHP  43. Illuminate\Foundation\Http\Middleware\VerifyCsrfToken->handle() /home/ubuntu/workspace/vendor/laravel/framework/src/Illuminate/Pipeline/Pipeline.php:124
[11-Feb-2016 22:25:11 UTC] PHP  44. Illuminate\Routing\Pipeline->Illuminate\Routing\{closure}() /home/ubuntu/workspace/vendor/laravel/framework/src/Illuminate/Foundation/Http/Middleware/VerifyCsrfToken.php:64
[11-Feb-2016 22:25:11 UTC] PHP  45. call_user_func:{/home/ubuntu/workspace/vendor/laravel/framework/src/Illuminate/Routing/Pipeline.php:52}() /home/ubuntu/workspace/vendor/laravel/framework/src/Illuminate/Routing/Pipeline.php:52
[11-Feb-2016 22:25:11 UTC] PHP  46. Illuminate\Routing\Router->Illuminate\Routing\{closure}() /home/ubuntu/workspace/vendor/laravel/framework/src/Illuminate/Routing/Pipeline.php:52
[11-Feb-2016 22:25:11 UTC] PHP  47. Illuminate\Routing\Route->run() /home/ubuntu/workspace/vendor/laravel/framework/src/Illuminate/Routing/Router.php:703
[11-Feb-2016 22:25:11 UTC] PHP  48. Illuminate\Routing\Route->runController() /home/ubuntu/workspace/vendor/laravel/framework/src/Illuminate/Routing/Route.php:140
[11-Feb-2016 22:25:11 UTC] PHP  49. Illuminate\Routing\ControllerDispatcher->dispatch() /home/ubuntu/workspace/vendor/laravel/framework/src/Illuminate/Routing/Route.php:174
[11-Feb-2016 22:25:11 UTC] PHP  50. Illuminate\Routing\ControllerDispatcher->callWithinStack() /home/ubuntu/workspace/vendor/laravel/framework/src/Illuminate/Routing/ControllerDispatcher.php:54
[11-Feb-2016 22:25:11 UTC] PHP  51. Illuminate\Pipeline\Pipeline->then() /home/ubuntu/workspace/vendor/laravel/framework/src/Illuminate/Routing/ControllerDispatcher.php:96
[11-Feb-2016 22:25:11 UTC] PHP  52. call_user_func:{/home/ubuntu/workspace/vendor/laravel/framework/src/Illuminate/Pipeline/Pipeline.php:103}() /home/ubuntu/workspace/vendor/laravel/framework/src/Illuminate/Pipeline/Pipeline.php:103
[11-Feb-2016 22:25:11 UTC] PHP  53. Illuminate\Routing\Pipeline->Illuminate\Routing\{closure}() /home/ubuntu/workspace/vendor/laravel/framework/src/Illuminate/Pipeline/Pipeline.php:103
[11-Feb-2016 22:25:11 UTC] PHP  54. call_user_func:{/home/ubuntu/workspace/vendor/laravel/framework/src/Illuminate/Routing/Pipeline.php:52}() /home/ubuntu/workspace/vendor/laravel/framework/src/Illuminate/Routing/Pipeline.php:52
[11-Feb-2016 22:25:11 UTC] PHP  55. Illuminate\Routing\ControllerDispatcher->Illuminate\Routing\{closure}() /home/ubuntu/workspace/vendor/laravel/framework/src/Illuminate/Routing/Pipeline.php:52
[11-Feb-2016 22:25:11 UTC] PHP  56. Illuminate\Routing\ControllerDispatcher->call() /home/ubuntu/workspace/vendor/laravel/framework/src/Illuminate/Routing/ControllerDispatcher.php:94
[11-Feb-2016 22:25:11 UTC] PHP  57. Illuminate\Routing\Controller->callAction() /home/ubuntu/workspace/vendor/laravel/framework/src/Illuminate/Routing/ControllerDispatcher.php:146
[11-Feb-2016 22:25:11 UTC] PHP  58. call_user_func_array:{/home/ubuntu/workspace/vendor/laravel/framework/src/Illuminate/Routing/Controller.php:76}() /home/ubuntu/workspace/vendor/laravel/framework/src/Illuminate/Routing/Controller.php:76
[11-Feb-2016 22:25:11 UTC] PHP  59. App\Http\Controllers\PhotoPromptController->generate() /home/ubuntu/workspace/vendor/laravel/framework/src/Illuminate/Routing/Controller.php:76
[11-Feb-2016 22:57:27 UTC] PHP Fatal error:  Call to undefined method Carbon\Carbon::dayOfWeek() in /home/ubuntu/workspace/app/Http/Controllers/PhotoPromptController.php on line 57
[11-Feb-2016 22:57:27 UTC] PHP Stack trace:
[11-Feb-2016 22:57:27 UTC] PHP   1. {main}() /home/ubuntu/workspace/public/index.php:0
[11-Feb-2016 22:57:27 UTC] PHP   2. Illuminate\Foundation\Http\Kernel->handle() /home/ubuntu/workspace/public/index.php:54
[11-Feb-2016 22:57:27 UTC] PHP   3. Illuminate\Foundation\Http\Kernel->sendRequestThroughRouter() /home/ubuntu/workspace/vendor/laravel/framework/src/Illuminate/Foundation/Http/Kernel.php:99
[11-Feb-2016 22:57:27 UTC] PHP   4. Illuminate\Pipeline\Pipeline->then() /home/ubuntu/workspace/vendor/laravel/framework/src/Illuminate/Foundation/Http/Kernel.php:132
[11-Feb-2016 22:57:27 UTC] PHP   5. call_user_func:{/home/ubuntu/workspace/vendor/laravel/framework/src/Illuminate/Pipeline/Pipeline.php:103}() /home/ubuntu/workspace/vendor/laravel/framework/src/Illuminate/Pipeline/Pipeline.php:103
[11-Feb-2016 22:57:27 UTC] PHP   6. Illuminate\Routing\Pipeline->Illuminate\Routing\{closure}() /home/ubuntu/workspace/vendor/laravel/framework/src/Illuminate/Pipeline/Pipeline.php:103
[11-Feb-2016 22:57:27 UTC] PHP   7. call_user_func:{/home/ubuntu/workspace/vendor/laravel/framework/src/Illuminate/Routing/Pipeline.php:32}() /home/ubuntu/workspace/vendor/laravel/framework/src/Illuminate/Routing/Pipeline.php:32
[11-Feb-2016 22:57:27 UTC] PHP   8. Illuminate\Pipeline\Pipeline->Illuminate\Pipeline\{closure}() /home/ubuntu/workspace/vendor/laravel/framework/src/Illuminate/Routing/Pipeline.php:32
[11-Feb-2016 22:57:27 UTC] PHP   9. call_user_func_array:{/home/ubuntu/workspace/vendor/laravel/framework/src/Illuminate/Pipeline/Pipeline.php:124}() /home/ubuntu/workspace/vendor/laravel/framework/src/Illuminate/Pipeline/Pipeline.php:124
[11-Feb-2016 22:57:27 UTC] PHP  10. Illuminate\Foundation\Http\Middleware\CheckForMaintenanceMode->handle() /home/ubuntu/workspace/vendor/laravel/framework/src/Illuminate/Pipeline/Pipeline.php:124
[11-Feb-2016 22:57:27 UTC] PHP  11. Illuminate\Routing\Pipeline->Illuminate\Routing\{closure}() /home/ubuntu/workspace/vendor/laravel/framework/src/Illuminate/Foundation/Http/Middleware/CheckForMaintenanceMode.php:44
[11-Feb-2016 22:57:27 UTC] PHP  12. call_user_func:{/home/ubuntu/workspace/vendor/laravel/framework/src/Illuminate/Routing/Pipeline.php:52}() /home/ubuntu/workspace/vendor/laravel/framework/src/Illuminate/Routing/Pipeline.php:52
[11-Feb-2016 22:57:27 UTC] PHP  13. Illuminate\Foundation\Http\Kernel->Illuminate\Foundation\Http\{closure}() /home/ubuntu/workspace/vendor/laravel/framework/src/Illuminate/Routing/Pipeline.php:52
[11-Feb-2016 22:57:27 UTC] PHP  14. Illuminate\Routing\Router->dispatch() /home/ubuntu/workspace/vendor/laravel/framework/src/Illuminate/Foundation/Http/Kernel.php:246
[11-Feb-2016 22:57:27 UTC] PHP  15. Illuminate\Routing\Router->dispatchToRoute() /home/ubuntu/workspace/vendor/laravel/framework/src/Illuminate/Routing/Router.php:654
[11-Feb-2016 22:57:27 UTC] PHP  16. Illuminate\Routing\Router->runRouteWithinStack() /home/ubuntu/workspace/vendor/laravel/framework/src/Illuminate/Routing/Router.php:678
[11-Feb-2016 22:57:27 UTC] PHP  17. Illuminate\Pipeline\Pipeline->then() /home/ubuntu/workspace/vendor/laravel/framework/src/Illuminate/Routing/Router.php:705
[11-Feb-2016 22:57:27 UTC] PHP  18. call_user_func:{/home/ubuntu/workspace/vendor/laravel/framework/src/Illuminate/Pipeline/Pipeline.php:103}() /home/ubuntu/workspace/vendor/laravel/framework/src/Illuminate/Pipeline/Pipeline.php:103
[11-Feb-2016 22:57:27 UTC] PHP  19. Illuminate\Routing\Pipeline->Illuminate\Routing\{closure}() /home/ubuntu/workspace/vendor/laravel/framework/src/Illuminate/Pipeline/Pipeline.php:103
[11-Feb-2016 22:57:27 UTC] PHP  20. call_user_func:{/home/ubuntu/workspace/vendor/laravel/framework/src/Illuminate/Routing/Pipeline.php:32}() /home/ubuntu/workspace/vendor/laravel/framework/src/Illuminate/Routing/Pipeline.php:32
[11-Feb-2016 22:57:27 UTC] PHP  21. Illuminate\Pipeline\Pipeline->Illuminate\Pipeline\{closure}() /home/ubuntu/workspace/vendor/laravel/framework/src/Illuminate/Routing/Pipeline.php:32
[11-Feb-2016 22:57:27 UTC] PHP  22. call_user_func_array:{/home/ubuntu/workspace/vendor/laravel/framework/src/Illuminate/Pipeline/Pipeline.php:124}() /home/ubuntu/workspace/vendor/laravel/framework/src/Illuminate/Pipeline/Pipeline.php:124
[11-Feb-2016 22:57:27 UTC] PHP  23. Illuminate\Cookie\Middleware\EncryptCookies->handle() /home/ubuntu/workspace/vendor/laravel/framework/src/Illuminate/Pipeline/Pipeline.php:124
[11-Feb-2016 22:57:27 UTC] PHP  24. Illuminate\Routing\Pipeline->Illuminate\Routing\{closure}() /home/ubuntu/workspace/vendor/laravel/framework/src/Illuminate/Cookie/Middleware/EncryptCookies.php:59
[11-Feb-2016 22:57:27 UTC] PHP  25. call_user_func:{/home/ubuntu/workspace/vendor/laravel/framework/src/Illuminate/Routing/Pipeline.php:32}() /home/ubuntu/workspace/vendor/laravel/framework/src/Illuminate/Routing/Pipeline.php:32
[11-Feb-2016 22:57:27 UTC] PHP  26. Illuminate\Pipeline\Pipeline->Illuminate\Pipeline\{closure}() /home/ubuntu/workspace/vendor/laravel/framework/src/Illuminate/Routing/Pipeline.php:32
[11-Feb-2016 22:57:27 UTC] PHP  27. call_user_func_array:{/home/ubuntu/workspace/vendor/laravel/framework/src/Illuminate/Pipeline/Pipeline.php:124}() /home/ubuntu/workspace/vendor/laravel/framework/src/Illuminate/Pipeline/Pipeline.php:124
[11-Feb-2016 22:57:27 UTC] PHP  28. Illuminate\Cookie\Middleware\AddQueuedCookiesToResponse->handle() /home/ubuntu/workspace/vendor/laravel/framework/src/Illuminate/Pipeline/Pipeline.php:124
[11-Feb-2016 22:57:27 UTC] PHP  29. Illuminate\Routing\Pipeline->Illuminate\Routing\{closure}() /home/ubuntu/workspace/vendor/laravel/framework/src/Illuminate/Cookie/Middleware/AddQueuedCookiesToResponse.php:37
[11-Feb-2016 22:57:27 UTC] PHP  30. call_user_func:{/home/ubuntu/workspace/vendor/laravel/framework/src/Illuminate/Routing/Pipeline.php:32}() /home/ubuntu/workspace/vendor/laravel/framework/src/Illuminate/Routing/Pipeline.php:32
[11-Feb-2016 22:57:27 UTC] PHP  31. Illuminate\Pipeline\Pipeline->Illuminate\Pipeline\{closure}() /home/ubuntu/workspace/vendor/laravel/framework/src/Illuminate/Routing/Pipeline.php:32
[11-Feb-2016 22:57:27 UTC] PHP  32. call_user_func_array:{/home/ubuntu/workspace/vendor/laravel/framework/src/Illuminate/Pipeline/Pipeline.php:124}() /home/ubuntu/workspace/vendor/laravel/framework/src/Illuminate/Pipeline/Pipeline.php:124
[11-Feb-2016 22:57:27 UTC] PHP  33. Illuminate\Session\Middleware\StartSession->handle() /home/ubuntu/workspace/vendor/laravel/framework/src/Illuminate/Pipeline/Pipeline.php:124
[11-Feb-2016 22:57:27 UTC] PHP  34. Illuminate\Routing\Pipeline->Illuminate\Routing\{closure}() /home/ubuntu/workspace/vendor/laravel/framework/src/Illuminate/Session/Middleware/StartSession.php:62
[11-Feb-2016 22:57:27 UTC] PHP  35. call_user_func:{/home/ubuntu/workspace/vendor/laravel/framework/src/Illuminate/Routing/Pipeline.php:32}() /home/ubuntu/workspace/vendor/laravel/framework/src/Illuminate/Routing/Pipeline.php:32
[11-Feb-2016 22:57:27 UTC] PHP  36. Illuminate\Pipeline\Pipeline->Illuminate\Pipeline\{closure}() /home/ubuntu/workspace/vendor/laravel/framework/src/Illuminate/Routing/Pipeline.php:32
[11-Feb-2016 22:57:27 UTC] PHP  37. call_user_func_array:{/home/ubuntu/workspace/vendor/laravel/framework/src/Illuminate/Pipeline/Pipeline.php:124}() /home/ubuntu/workspace/vendor/laravel/framework/src/Illuminate/Pipeline/Pipeline.php:124
[11-Feb-2016 22:57:27 UTC] PHP  38. Illuminate\View\Middleware\ShareErrorsFromSession->handle() /home/ubuntu/workspace/vendor/laravel/framework/src/Illuminate/Pipeline/Pipeline.php:124
[11-Feb-2016 22:57:27 UTC] PHP  39. Illuminate\Routing\Pipeline->Illuminate\Routing\{closure}() /home/ubuntu/workspace/vendor/laravel/framework/src/Illuminate/View/Middleware/ShareErrorsFromSession.php:49
[11-Feb-2016 22:57:27 UTC] PHP  40. call_user_func:{/home/ubuntu/workspace/vendor/laravel/framework/src/Illuminate/Routing/Pipeline.php:32}() /home/ubuntu/workspace/vendor/laravel/framework/src/Illuminate/Routing/Pipeline.php:32
[11-Feb-2016 22:57:27 UTC] PHP  41. Illuminate\Pipeline\Pipeline->Illuminate\Pipeline\{closure}() /home/ubuntu/workspace/vendor/laravel/framework/src/Illuminate/Routing/Pipeline.php:32
[11-Feb-2016 22:57:27 UTC] PHP  42. call_user_func_array:{/home/ubuntu/workspace/vendor/laravel/framework/src/Illuminate/Pipeline/Pipeline.php:124}() /home/ubuntu/workspace/vendor/laravel/framework/src/Illuminate/Pipeline/Pipeline.php:124
[11-Feb-2016 22:57:27 UTC] PHP  43. Illuminate\Foundation\Http\Middleware\VerifyCsrfToken->handle() /home/ubuntu/workspace/vendor/laravel/framework/src/Illuminate/Pipeline/Pipeline.php:124
[11-Feb-2016 22:57:27 UTC] PHP  44. Illuminate\Routing\Pipeline->Illuminate\Routing\{closure}() /home/ubuntu/workspace/vendor/laravel/framework/src/Illuminate/Foundation/Http/Middleware/VerifyCsrfToken.php:64
[11-Feb-2016 22:57:27 UTC] PHP  45. call_user_func:{/home/ubuntu/workspace/vendor/laravel/framework/src/Illuminate/Routing/Pipeline.php:52}() /home/ubuntu/workspace/vendor/laravel/framework/src/Illuminate/Routing/Pipeline.php:52
[11-Feb-2016 22:57:27 UTC] PHP  46. Illuminate\Routing\Router->Illuminate\Routing\{closure}() /home/ubuntu/workspace/vendor/laravel/framework/src/Illuminate/Routing/Pipeline.php:52
[11-Feb-2016 22:57:27 UTC] PHP  47. Illuminate\Routing\Route->run() /home/ubuntu/workspace/vendor/laravel/framework/src/Illuminate/Routing/Router.php:703
[11-Feb-2016 22:57:27 UTC] PHP  48. Illuminate\Routing\Route->runController() /home/ubuntu/workspace/vendor/laravel/framework/src/Illuminate/Routing/Route.php:140
[11-Feb-2016 22:57:27 UTC] PHP  49. Illuminate\Routing\ControllerDispatcher->dispatch() /home/ubuntu/workspace/vendor/laravel/framework/src/Illuminate/Routing/Route.php:174
[11-Feb-2016 22:57:27 UTC] PHP  50. Illuminate\Routing\ControllerDispatcher->callWithinStack() /home/ubuntu/workspace/vendor/laravel/framework/src/Illuminate/Routing/ControllerDispatcher.php:54
[11-Feb-2016 22:57:27 UTC] PHP  51. Illuminate\Pipeline\Pipeline->then() /home/ubuntu/workspace/vendor/laravel/framework/src/Illuminate/Routing/ControllerDispatcher.php:96
[11-Feb-2016 22:57:27 UTC] PHP  52. call_user_func:{/home/ubuntu/workspace/vendor/laravel/framework/src/Illuminate/Pipeline/Pipeline.php:103}() /home/ubuntu/workspace/vendor/laravel/framework/src/Illuminate/Pipeline/Pipeline.php:103
[11-Feb-2016 22:57:27 UTC] PHP  53. Illuminate\Routing\Pipeline->Illuminate\Routing\{closure}() /home/ubuntu/workspace/vendor/laravel/framework/src/Illuminate/Pipeline/Pipeline.php:103
[11-Feb-2016 22:57:27 UTC] PHP  54. call_user_func:{/home/ubuntu/workspace/vendor/laravel/framework/src/Illuminate/Routing/Pipeline.php:52}() /home/ubuntu/workspace/vendor/laravel/framework/src/Illuminate/Routing/Pipeline.php:52
[11-Feb-2016 22:57:27 UTC] PHP  55. Illuminate\Routing\ControllerDispatcher->Illuminate\Routing\{closure}() /home/ubuntu/workspace/vendor/laravel/framework/src/Illuminate/Routing/Pipeline.php:52
[11-Feb-2016 22:57:27 UTC] PHP  56. Illuminate\Routing\ControllerDispatcher->call() /home/ubuntu/workspace/vendor/laravel/framework/src/Illuminate/Routing/ControllerDispatcher.php:94
[11-Feb-2016 22:57:27 UTC] PHP  57. Illuminate\Routing\Controller->callAction() /home/ubuntu/workspace/vendor/laravel/framework/src/Illuminate/Routing/ControllerDispatcher.php:146
[11-Feb-2016 22:57:27 UTC] PHP  58. call_user_func_array:{/home/ubuntu/workspace/vendor/laravel/framework/src/Illuminate/Routing/Controller.php:76}() /home/ubuntu/workspace/vendor/laravel/framework/src/Illuminate/Routing/Controller.php:76
[11-Feb-2016 22:57:27 UTC] PHP  59. App\Http\Controllers\PhotoPromptController->getMonth() /home/ubuntu/workspace/vendor/laravel/framework/src/Illuminate/Routing/Controller.php:76
[11-Feb-2016 22:57:56 UTC] PHP Fatal error:  Call to undefined method Carbon\Carbon::dayOfWeek() in /home/ubuntu/workspace/app/Http/Controllers/PhotoPromptController.php on line 57
[11-Feb-2016 22:57:56 UTC] PHP Stack trace:
[11-Feb-2016 22:57:56 UTC] PHP   1. {main}() /home/ubuntu/workspace/public/index.php:0
[11-Feb-2016 22:57:56 UTC] PHP   2. Illuminate\Foundation\Http\Kernel->handle() /home/ubuntu/workspace/public/index.php:54
[11-Feb-2016 22:57:56 UTC] PHP   3. Illuminate\Foundation\Http\Kernel->sendRequestThroughRouter() /home/ubuntu/workspace/vendor/laravel/framework/src/Illuminate/Foundation/Http/Kernel.php:99
[11-Feb-2016 22:57:56 UTC] PHP   4. Illuminate\Pipeline\Pipeline->then() /home/ubuntu/workspace/vendor/laravel/framework/src/Illuminate/Foundation/Http/Kernel.php:132
[11-Feb-2016 22:57:56 UTC] PHP   5. call_user_func:{/home/ubuntu/workspace/vendor/laravel/framework/src/Illuminate/Pipeline/Pipeline.php:103}() /home/ubuntu/workspace/vendor/laravel/framework/src/Illuminate/Pipeline/Pipeline.php:103
[11-Feb-2016 22:57:56 UTC] PHP   6. Illuminate\Routing\Pipeline->Illuminate\Routing\{closure}() /home/ubuntu/workspace/vendor/laravel/framework/src/Illuminate/Pipeline/Pipeline.php:103
[11-Feb-2016 22:57:56 UTC] PHP   7. call_user_func:{/home/ubuntu/workspace/vendor/laravel/framework/src/Illuminate/Routing/Pipeline.php:32}() /home/ubuntu/workspace/vendor/laravel/framework/src/Illuminate/Routing/Pipeline.php:32
[11-Feb-2016 22:57:56 UTC] PHP   8. Illuminate\Pipeline\Pipeline->Illuminate\Pipeline\{closure}() /home/ubuntu/workspace/vendor/laravel/framework/src/Illuminate/Routing/Pipeline.php:32
[11-Feb-2016 22:57:56 UTC] PHP   9. call_user_func_array:{/home/ubuntu/workspace/vendor/laravel/framework/src/Illuminate/Pipeline/Pipeline.php:124}() /home/ubuntu/workspace/vendor/laravel/framework/src/Illuminate/Pipeline/Pipeline.php:124
[11-Feb-2016 22:57:56 UTC] PHP  10. Illuminate\Foundation\Http\Middleware\CheckForMaintenanceMode->handle() /home/ubuntu/workspace/vendor/laravel/framework/src/Illuminate/Pipeline/Pipeline.php:124
[11-Feb-2016 22:57:56 UTC] PHP  11. Illuminate\Routing\Pipeline->Illuminate\Routing\{closure}() /home/ubuntu/workspace/vendor/laravel/framework/src/Illuminate/Foundation/Http/Middleware/CheckForMaintenanceMode.php:44
[11-Feb-2016 22:57:56 UTC] PHP  12. call_user_func:{/home/ubuntu/workspace/vendor/laravel/framework/src/Illuminate/Routing/Pipeline.php:52}() /home/ubuntu/workspace/vendor/laravel/framework/src/Illuminate/Routing/Pipeline.php:52
[11-Feb-2016 22:57:56 UTC] PHP  13. Illuminate\Foundation\Http\Kernel->Illuminate\Foundation\Http\{closure}() /home/ubuntu/workspace/vendor/laravel/framework/src/Illuminate/Routing/Pipeline.php:52
[11-Feb-2016 22:57:56 UTC] PHP  14. Illuminate\Routing\Router->dispatch() /home/ubuntu/workspace/vendor/laravel/framework/src/Illuminate/Foundation/Http/Kernel.php:246
[11-Feb-2016 22:57:56 UTC] PHP  15. Illuminate\Routing\Router->dispatchToRoute() /home/ubuntu/workspace/vendor/laravel/framework/src/Illuminate/Routing/Router.php:654
[11-Feb-2016 22:57:56 UTC] PHP  16. Illuminate\Routing\Router->runRouteWithinStack() /home/ubuntu/workspace/vendor/laravel/framework/src/Illuminate/Routing/Router.php:678
[11-Feb-2016 22:57:56 UTC] PHP  17. Illuminate\Pipeline\Pipeline->then() /home/ubuntu/workspace/vendor/laravel/framework/src/Illuminate/Routing/Router.php:705
[11-Feb-2016 22:57:56 UTC] PHP  18. call_user_func:{/home/ubuntu/workspace/vendor/laravel/framework/src/Illuminate/Pipeline/Pipeline.php:103}() /home/ubuntu/workspace/vendor/laravel/framework/src/Illuminate/Pipeline/Pipeline.php:103
[11-Feb-2016 22:57:56 UTC] PHP  19. Illuminate\Routing\Pipeline->Illuminate\Routing\{closure}() /home/ubuntu/workspace/vendor/laravel/framework/src/Illuminate/Pipeline/Pipeline.php:103
[11-Feb-2016 22:57:56 UTC] PHP  20. call_user_func:{/home/ubuntu/workspace/vendor/laravel/framework/src/Illuminate/Routing/Pipeline.php:32}() /home/ubuntu/workspace/vendor/laravel/framework/src/Illuminate/Routing/Pipeline.php:32
[11-Feb-2016 22:57:56 UTC] PHP  21. Illuminate\Pipeline\Pipeline->Illuminate\Pipeline\{closure}() /home/ubuntu/workspace/vendor/laravel/framework/src/Illuminate/Routing/Pipeline.php:32
[11-Feb-2016 22:57:56 UTC] PHP  22. call_user_func_array:{/home/ubuntu/workspace/vendor/laravel/framework/src/Illuminate/Pipeline/Pipeline.php:124}() /home/ubuntu/workspace/vendor/laravel/framework/src/Illuminate/Pipeline/Pipeline.php:124
[11-Feb-2016 22:57:56 UTC] PHP  23. Illuminate\Cookie\Middleware\EncryptCookies->handle() /home/ubuntu/workspace/vendor/laravel/framework/src/Illuminate/Pipeline/Pipeline.php:124
[11-Feb-2016 22:57:56 UTC] PHP  24. Illuminate\Routing\Pipeline->Illuminate\Routing\{closure}() /home/ubuntu/workspace/vendor/laravel/framework/src/Illuminate/Cookie/Middleware/EncryptCookies.php:59
[11-Feb-2016 22:57:56 UTC] PHP  25. call_user_func:{/home/ubuntu/workspace/vendor/laravel/framework/src/Illuminate/Routing/Pipeline.php:32}() /home/ubuntu/workspace/vendor/laravel/framework/src/Illuminate/Routing/Pipeline.php:32
[11-Feb-2016 22:57:56 UTC] PHP  26. Illuminate\Pipeline\Pipeline->Illuminate\Pipeline\{closure}() /home/ubuntu/workspace/vendor/laravel/framework/src/Illuminate/Routing/Pipeline.php:32
[11-Feb-2016 22:57:56 UTC] PHP  27. call_user_func_array:{/home/ubuntu/workspace/vendor/laravel/framework/src/Illuminate/Pipeline/Pipeline.php:124}() /home/ubuntu/workspace/vendor/laravel/framework/src/Illuminate/Pipeline/Pipeline.php:124
[11-Feb-2016 22:57:56 UTC] PHP  28. Illuminate\Cookie\Middleware\AddQueuedCookiesToResponse->handle() /home/ubuntu/workspace/vendor/laravel/framework/src/Illuminate/Pipeline/Pipeline.php:124
[11-Feb-2016 22:57:56 UTC] PHP  29. Illuminate\Routing\Pipeline->Illuminate\Routing\{closure}() /home/ubuntu/workspace/vendor/laravel/framework/src/Illuminate/Cookie/Middleware/AddQueuedCookiesToResponse.php:37
[11-Feb-2016 22:57:56 UTC] PHP  30. call_user_func:{/home/ubuntu/workspace/vendor/laravel/framework/src/Illuminate/Routing/Pipeline.php:32}() /home/ubuntu/workspace/vendor/laravel/framework/src/Illuminate/Routing/Pipeline.php:32
[11-Feb-2016 22:57:56 UTC] PHP  31. Illuminate\Pipeline\Pipeline->Illuminate\Pipeline\{closure}() /home/ubuntu/workspace/vendor/laravel/framework/src/Illuminate/Routing/Pipeline.php:32
[11-Feb-2016 22:57:56 UTC] PHP  32. call_user_func_array:{/home/ubuntu/workspace/vendor/laravel/framework/src/Illuminate/Pipeline/Pipeline.php:124}() /home/ubuntu/workspace/vendor/laravel/framework/src/Illuminate/Pipeline/Pipeline.php:124
[11-Feb-2016 22:57:56 UTC] PHP  33. Illuminate\Session\Middleware\StartSession->handle() /home/ubuntu/workspace/vendor/laravel/framework/src/Illuminate/Pipeline/Pipeline.php:124
[11-Feb-2016 22:57:56 UTC] PHP  34. Illuminate\Routing\Pipeline->Illuminate\Routing\{closure}() /home/ubuntu/workspace/vendor/laravel/framework/src/Illuminate/Session/Middleware/StartSession.php:62
[11-Feb-2016 22:57:56 UTC] PHP  35. call_user_func:{/home/ubuntu/workspace/vendor/laravel/framework/src/Illuminate/Routing/Pipeline.php:32}() /home/ubuntu/workspace/vendor/laravel/framework/src/Illuminate/Routing/Pipeline.php:32
[11-Feb-2016 22:57:56 UTC] PHP  36. Illuminate\Pipeline\Pipeline->Illuminate\Pipeline\{closure}() /home/ubuntu/workspace/vendor/laravel/framework/src/Illuminate/Routing/Pipeline.php:32
[11-Feb-2016 22:57:56 UTC] PHP  37. call_user_func_array:{/home/ubuntu/workspace/vendor/laravel/framework/src/Illuminate/Pipeline/Pipeline.php:124}() /home/ubuntu/workspace/vendor/laravel/framework/src/Illuminate/Pipeline/Pipeline.php:124
[11-Feb-2016 22:57:56 UTC] PHP  38. Illuminate\View\Middleware\ShareErrorsFromSession->handle() /home/ubuntu/workspace/vendor/laravel/framework/src/Illuminate/Pipeline/Pipeline.php:124
[11-Feb-2016 22:57:56 UTC] PHP  39. Illuminate\Routing\Pipeline->Illuminate\Routing\{closure}() /home/ubuntu/workspace/vendor/laravel/framework/src/Illuminate/View/Middleware/ShareErrorsFromSession.php:49
[11-Feb-2016 22:57:56 UTC] PHP  40. call_user_func:{/home/ubuntu/workspace/vendor/laravel/framework/src/Illuminate/Routing/Pipeline.php:32}() /home/ubuntu/workspace/vendor/laravel/framework/src/Illuminate/Routing/Pipeline.php:32
[11-Feb-2016 22:57:56 UTC] PHP  41. Illuminate\Pipeline\Pipeline->Illuminate\Pipeline\{closure}() /home/ubuntu/workspace/vendor/laravel/framework/src/Illuminate/Routing/Pipeline.php:32
[11-Feb-2016 22:57:56 UTC] PHP  42. call_user_func_array:{/home/ubuntu/workspace/vendor/laravel/framework/src/Illuminate/Pipeline/Pipeline.php:124}() /home/ubuntu/workspace/vendor/laravel/framework/src/Illuminate/Pipeline/Pipeline.php:124
[11-Feb-2016 22:57:56 UTC] PHP  43. Illuminate\Foundation\Http\Middleware\VerifyCsrfToken->handle() /home/ubuntu/workspace/vendor/laravel/framework/src/Illuminate/Pipeline/Pipeline.php:124
[11-Feb-2016 22:57:56 UTC] PHP  44. Illuminate\Routing\Pipeline->Illuminate\Routing\{closure}() /home/ubuntu/workspace/vendor/laravel/framework/src/Illuminate/Foundation/Http/Middleware/VerifyCsrfToken.php:64
[11-Feb-2016 22:57:56 UTC] PHP  45. call_user_func:{/home/ubuntu/workspace/vendor/laravel/framework/src/Illuminate/Routing/Pipeline.php:52}() /home/ubuntu/workspace/vendor/laravel/framework/src/Illuminate/Routing/Pipeline.php:52
[11-Feb-2016 22:57:56 UTC] PHP  46. Illuminate\Routing\Router->Illuminate\Routing\{closure}() /home/ubuntu/workspace/vendor/laravel/framework/src/Illuminate/Routing/Pipeline.php:52
[11-Feb-2016 22:57:56 UTC] PHP  47. Illuminate\Routing\Route->run() /home/ubuntu/workspace/vendor/laravel/framework/src/Illuminate/Routing/Router.php:703
[11-Feb-2016 22:57:56 UTC] PHP  48. Illuminate\Routing\Route->runController() /home/ubuntu/workspace/vendor/laravel/framework/src/Illuminate/Routing/Route.php:140
[11-Feb-2016 22:57:56 UTC] PHP  49. Illuminate\Routing\ControllerDispatcher->dispatch() /home/ubuntu/workspace/vendor/laravel/framework/src/Illuminate/Routing/Route.php:174
[11-Feb-2016 22:57:56 UTC] PHP  50. Illuminate\Routing\ControllerDispatcher->callWithinStack() /home/ubuntu/workspace/vendor/laravel/framework/src/Illuminate/Routing/ControllerDispatcher.php:54
[11-Feb-2016 22:57:56 UTC] PHP  51. Illuminate\Pipeline\Pipeline->then() /home/ubuntu/workspace/vendor/laravel/framework/src/Illuminate/Routing/ControllerDispatcher.php:96
[11-Feb-2016 22:57:56 UTC] PHP  52. call_user_func:{/home/ubuntu/workspace/vendor/laravel/framework/src/Illuminate/Pipeline/Pipeline.php:103}() /home/ubuntu/workspace/vendor/laravel/framework/src/Illuminate/Pipeline/Pipeline.php:103
[11-Feb-2016 22:57:56 UTC] PHP  53. Illuminate\Routing\Pipeline->Illuminate\Routing\{closure}() /home/ubuntu/workspace/vendor/laravel/framework/src/Illuminate/Pipeline/Pipeline.php:103
[11-Feb-2016 22:57:56 UTC] PHP  54. call_user_func:{/home/ubuntu/workspace/vendor/laravel/framework/src/Illuminate/Routing/Pipeline.php:52}() /home/ubuntu/workspace/vendor/laravel/framework/src/Illuminate/Routing/Pipeline.php:52
[11-Feb-2016 22:57:56 UTC] PHP  55. Illuminate\Routing\ControllerDispatcher->Illuminate\Routing\{closure}() /home/ubuntu/workspace/vendor/laravel/framework/src/Illuminate/Routing/Pipeline.php:52
[11-Feb-2016 22:57:56 UTC] PHP  56. Illuminate\Routing\ControllerDispatcher->call() /home/ubuntu/workspace/vendor/laravel/framework/src/Illuminate/Routing/ControllerDispatcher.php:94
[11-Feb-2016 22:57:56 UTC] PHP  57. Illuminate\Routing\Controller->callAction() /home/ubuntu/workspace/vendor/laravel/framework/src/Illuminate/Routing/ControllerDispatcher.php:146
[11-Feb-2016 22:57:56 UTC] PHP  58. call_user_func_array:{/home/ubuntu/workspace/vendor/laravel/framework/src/Illuminate/Routing/Controller.php:76}() /home/ubuntu/workspace/vendor/laravel/framework/src/Illuminate/Routing/Controller.php:76
[11-Feb-2016 22:57:56 UTC] PHP  59. App\Http\Controllers\PhotoPromptController->getMonth() /home/ubuntu/workspace/vendor/laravel/framework/src/Illuminate/Routing/Controller.php:76
